[2019-02-07 08:32:46] php.DEBUG: Warning: fsockopen(): unable to connect to 127.0.0.1:8000 (Connection refused) {"exception":"[object] (Symfony\\Component\\Debug\\Exception\\SilencedErrorContext: {\"severity\":2,\"file\":\"/Applications/MAMP/htdocs/test_symfony/test_symfony/vendor/symfony/web-server-bundle/WebServerConfig.php\",\"line\":139,\"trace\":[{\"file\":\"/Applications/MAMP/htdocs/test_symfony/test_symfony/vendor/symfony/web-server-bundle/WebServerConfig.php\",\"line\":54,\"function\":\"findBestPort\",\"class\":\"Symfony\\\\Bundle\\\\WebServerBundle\\\\WebServerConfig\",\"type\":\"->\"}],\"count\":1})"} []
[2019-02-07 08:32:55] request.ERROR: Uncaught PHP Exception Symfony\Component\HttpKernel\Exception\NotFoundHttpException: "No route found for "GET /"" at /Applications/MAMP/htdocs/test_symfony/test_symfony/vendor/symfony/http-kernel/EventListener/RouterListener.php line 139 {"exception":"[object] (Symfony\\Component\\HttpKernel\\Exception\\NotFoundHttpException(code: 0): No route found for \"GET /\" at /Applications/MAMP/htdocs/test_symfony/test_symfony/vendor/symfony/http-kernel/EventListener/RouterListener.php:139, Symfony\\Component\\Routing\\Exception\\NoConfigurationException(code: 0):  at /Applications/MAMP/htdocs/test_symfony/test_symfony/vendor/symfony/routing/Matcher/Dumper/PhpMatcherTrait.php:172)"} []
[2019-02-07 08:32:55] request.INFO: Matched route "_wdt". {"route":"_wdt","route_parameters":{"_route":"_wdt","_controller":"web_profiler.controller.profiler::toolbarAction","token":"90316d"},"request_uri":"http://127.0.0.1:8000/_wdt/90316d","method":"GET"} []
[2019-02-07 08:32:56] request.ERROR: Uncaught PHP Exception Symfony\Component\HttpKernel\Exception\NotFoundHttpException: "No route found for "GET /favicon.ico" (from "http://127.0.0.1:8000/")" at /Applications/MAMP/htdocs/test_symfony/test_symfony/vendor/symfony/http-kernel/EventListener/RouterListener.php line 139 {"exception":"[object] (Symfony\\Component\\HttpKernel\\Exception\\NotFoundHttpException(code: 0): No route found for \"GET /favicon.ico\" (from \"http://127.0.0.1:8000/\") at /Applications/MAMP/htdocs/test_symfony/test_symfony/vendor/symfony/http-kernel/EventListener/RouterListener.php:139, Symfony\\Component\\Routing\\Exception\\ResourceNotFoundException(code: 0):  at /Applications/MAMP/htdocs/test_symfony/test_symfony/vendor/symfony/routing/Matcher/Dumper/PhpMatcherTrait.php:67)"} []
[2019-02-07 08:35:15] console.ERROR: Error thrown while running command "doctrine:database:create". Message: "An exception occurred in driver: SQLSTATE[HY000] [1045] Access denied for user 'db_user'@'localhost' (using password: YES)" {"exception":"[object] (Doctrine\\DBAL\\Exception\\ConnectionException(code: 0): An exception occurred in driver: SQLSTATE[HY000] [1045] Access denied for user 'db_user'@'localhost' (using password: YES) at /Applications/MAMP/htdocs/test_symfony/test_symfony/vendor/doctrine/dbal/lib/Doctrine/DBAL/Driver/AbstractMySQLDriver.php:93, Doctrine\\DBAL\\Driver\\PDOException(code: 1045): SQLSTATE[HY000] [1045] Access denied for user 'db_user'@'localhost' (using password: YES) at /Applications/MAMP/htdocs/test_symfony/test_symfony/vendor/doctrine/dbal/lib/Doctrine/DBAL/Driver/PDOConnection.php:31, PDOException(code: 1045): SQLSTATE[HY000] [1045] Access denied for user 'db_user'@'localhost' (using password: YES) at /Applications/MAMP/htdocs/test_symfony/test_symfony/vendor/doctrine/dbal/lib/Doctrine/DBAL/Driver/PDOConnection.php:27)","command":"doctrine:database:create","message":"An exception occurred in driver: SQLSTATE[HY000] [1045] Access denied for user 'db_user'@'localhost' (using password: YES)"} []
[2019-02-07 08:35:15] console.DEBUG: Command "doctrine:database:create" exited with code "1" {"command":"doctrine:database:create","code":1} []
[2019-02-07 08:35:29] console.ERROR: Error thrown while running command "doctrine:database:create". Message: "An exception occurred in driver: SQLSTATE[HY000] [1045] Access denied for user 'db_user'@'localhost' (using password: YES)" {"exception":"[object] (Doctrine\\DBAL\\Exception\\ConnectionException(code: 0): An exception occurred in driver: SQLSTATE[HY000] [1045] Access denied for user 'db_user'@'localhost' (using password: YES) at /Applications/MAMP/htdocs/test_symfony/test_symfony/vendor/doctrine/dbal/lib/Doctrine/DBAL/Driver/AbstractMySQLDriver.php:93, Doctrine\\DBAL\\Driver\\PDOException(code: 1045): SQLSTATE[HY000] [1045] Access denied for user 'db_user'@'localhost' (using password: YES) at /Applications/MAMP/htdocs/test_symfony/test_symfony/vendor/doctrine/dbal/lib/Doctrine/DBAL/Driver/PDOConnection.php:31, PDOException(code: 1045): SQLSTATE[HY000] [1045] Access denied for user 'db_user'@'localhost' (using password: YES) at /Applications/MAMP/htdocs/test_symfony/test_symfony/vendor/doctrine/dbal/lib/Doctrine/DBAL/Driver/PDOConnection.php:27)","command":"doctrine:database:create","message":"An exception occurred in driver: SQLSTATE[HY000] [1045] Access denied for user 'db_user'@'localhost' (using password: YES)"} []
[2019-02-07 08:35:29] console.DEBUG: Command "doctrine:database:create" exited with code "1" {"command":"doctrine:database:create","code":1} []
[2019-02-07 08:42:52] console.ERROR: Error thrown while running command "doctrine:database:create". Message: "An exception occurred in driver: SQLSTATE[HY000] [1045] Access denied for user 'db_user'@'localhost' (using password: YES)" {"exception":"[object] (Doctrine\\DBAL\\Exception\\ConnectionException(code: 0): An exception occurred in driver: SQLSTATE[HY000] [1045] Access denied for user 'db_user'@'localhost' (using password: YES) at /Applications/MAMP/htdocs/test_symfony/test_symfony/vendor/doctrine/dbal/lib/Doctrine/DBAL/Driver/AbstractMySQLDriver.php:93, Doctrine\\DBAL\\Driver\\PDOException(code: 1045): SQLSTATE[HY000] [1045] Access denied for user 'db_user'@'localhost' (using password: YES) at /Applications/MAMP/htdocs/test_symfony/test_symfony/vendor/doctrine/dbal/lib/Doctrine/DBAL/Driver/PDOConnection.php:31, PDOException(code: 1045): SQLSTATE[HY000] [1045] Access denied for user 'db_user'@'localhost' (using password: YES) at /Applications/MAMP/htdocs/test_symfony/test_symfony/vendor/doctrine/dbal/lib/Doctrine/DBAL/Driver/PDOConnection.php:27)","command":"doctrine:database:create","message":"An exception occurred in driver: SQLSTATE[HY000] [1045] Access denied for user 'db_user'@'localhost' (using password: YES)"} []
[2019-02-07 08:42:52] console.DEBUG: Command "doctrine:database:create" exited with code "1" {"command":"doctrine:database:create","code":1} []
[2019-02-07 08:48:59] console.ERROR: Error thrown while running command "doctrine:database:create". Message: "An exception occurred in driver: SQLSTATE[HY000] [1045] Access denied for user 'db_user'@'localhost' (using password: YES)" {"exception":"[object] (Doctrine\\DBAL\\Exception\\ConnectionException(code: 0): An exception occurred in driver: SQLSTATE[HY000] [1045] Access denied for user 'db_user'@'localhost' (using password: YES) at /Applications/MAMP/htdocs/test_symfony/test_symfony/vendor/doctrine/dbal/lib/Doctrine/DBAL/Driver/AbstractMySQLDriver.php:93, Doctrine\\DBAL\\Driver\\PDOException(code: 1045): SQLSTATE[HY000] [1045] Access denied for user 'db_user'@'localhost' (using password: YES) at /Applications/MAMP/htdocs/test_symfony/test_symfony/vendor/doctrine/dbal/lib/Doctrine/DBAL/Driver/PDOConnection.php:31, PDOException(code: 1045): SQLSTATE[HY000] [1045] Access denied for user 'db_user'@'localhost' (using password: YES) at /Applications/MAMP/htdocs/test_symfony/test_symfony/vendor/doctrine/dbal/lib/Doctrine/DBAL/Driver/PDOConnection.php:27)","command":"doctrine:database:create","message":"An exception occurred in driver: SQLSTATE[HY000] [1045] Access denied for user 'db_user'@'localhost' (using password: YES)"} []
[2019-02-07 08:48:59] console.DEBUG: Command "doctrine:database:create" exited with code "1" {"command":"doctrine:database:create","code":1} []
[2019-02-07 08:49:47] console.ERROR: Error thrown while running command "doctrine:database:create". Message: "An exception occurred in driver: SQLSTATE[HY000] [1045] Access denied for user 'db_user'@'localhost' (using password: YES)" {"exception":"[object] (Doctrine\\DBAL\\Exception\\ConnectionException(code: 0): An exception occurred in driver: SQLSTATE[HY000] [1045] Access denied for user 'db_user'@'localhost' (using password: YES) at /Applications/MAMP/htdocs/test_symfony/test_symfony/vendor/doctrine/dbal/lib/Doctrine/DBAL/Driver/AbstractMySQLDriver.php:93, Doctrine\\DBAL\\Driver\\PDOException(code: 1045): SQLSTATE[HY000] [1045] Access denied for user 'db_user'@'localhost' (using password: YES) at /Applications/MAMP/htdocs/test_symfony/test_symfony/vendor/doctrine/dbal/lib/Doctrine/DBAL/Driver/PDOConnection.php:31, PDOException(code: 1045): SQLSTATE[HY000] [1045] Access denied for user 'db_user'@'localhost' (using password: YES) at /Applications/MAMP/htdocs/test_symfony/test_symfony/vendor/doctrine/dbal/lib/Doctrine/DBAL/Driver/PDOConnection.php:27)","command":"doctrine:database:create","message":"An exception occurred in driver: SQLSTATE[HY000] [1045] Access denied for user 'db_user'@'localhost' (using password: YES)"} []
[2019-02-07 08:49:47] console.DEBUG: Command "doctrine:database:create" exited with code "1" {"command":"doctrine:database:create","code":1} []
[2019-02-07 08:50:25] console.ERROR: Error thrown while running command "doctrine:database:create". Message: "An exception occurred in driver: SQLSTATE[HY000] [1045] Access denied for user 'db_user'@'localhost' (using password: YES)" {"exception":"[object] (Doctrine\\DBAL\\Exception\\ConnectionException(code: 0): An exception occurred in driver: SQLSTATE[HY000] [1045] Access denied for user 'db_user'@'localhost' (using password: YES) at /Applications/MAMP/htdocs/test_symfony/test_symfony/vendor/doctrine/dbal/lib/Doctrine/DBAL/Driver/AbstractMySQLDriver.php:93, Doctrine\\DBAL\\Driver\\PDOException(code: 1045): SQLSTATE[HY000] [1045] Access denied for user 'db_user'@'localhost' (using password: YES) at /Applications/MAMP/htdocs/test_symfony/test_symfony/vendor/doctrine/dbal/lib/Doctrine/DBAL/Driver/PDOConnection.php:31, PDOException(code: 1045): SQLSTATE[HY000] [1045] Access denied for user 'db_user'@'localhost' (using password: YES) at /Applications/MAMP/htdocs/test_symfony/test_symfony/vendor/doctrine/dbal/lib/Doctrine/DBAL/Driver/PDOConnection.php:27)","command":"doctrine:database:create","message":"An exception occurred in driver: SQLSTATE[HY000] [1045] Access denied for user 'db_user'@'localhost' (using password: YES)"} []
[2019-02-07 08:50:25] console.DEBUG: Command "doctrine:database:create" exited with code "1" {"command":"doctrine:database:create","code":1} []
[2019-02-07 08:55:32] doctrine.DEBUG: SELECT name FROM sqlite_master WHERE type = 'table' AND name != 'sqlite_sequence' AND name != 'geometry_columns' AND name != 'spatial_ref_sys' UNION ALL SELECT name FROM sqlite_temp_master WHERE type = 'table' ORDER BY name [] []
[2019-02-07 08:55:32] doctrine.DEBUG: SELECT name FROM sqlite_master WHERE type = 'table' AND name != 'sqlite_sequence' AND name != 'geometry_columns' AND name != 'spatial_ref_sys' UNION ALL SELECT name FROM sqlite_temp_master WHERE type = 'table' ORDER BY name [] []
[2019-02-07 08:55:32] doctrine.DEBUG: CREATE TABLE usager (id INTEGER PRIMARY KEY AUTOINCREMENT NOT NULL, nom VARCHAR(255) NOT NULL, prenom VARCHAR(255) NOT NULL, adresse VARCHAR(255) NOT NULL) [] []
[2019-02-07 08:58:34] doctrine.DEBUG: "START TRANSACTION" [] []
[2019-02-07 08:58:34] doctrine.DEBUG: DELETE FROM usager [] []
[2019-02-07 08:58:34] doctrine.DEBUG: "ROLLBACK" [] []
[2019-02-07 08:58:34] console.ERROR: Error thrown while running command "doctrine:fixtures:load". Message: "Class 'App\DataFixtures\Usager' not found" {"exception":"[object] (Error(code: 0): Class 'App\\DataFixtures\\Usager' not found at /Applications/MAMP/htdocs/test_symfony/test_symfony/src/DataFixtures/AppFixtures.php:15)","command":"doctrine:fixtures:load","message":"Class 'App\\DataFixtures\\Usager' not found"} []
[2019-02-07 08:58:34] console.DEBUG: Command "doctrine:fixtures:load" exited with code "1" {"command":"doctrine:fixtures:load","code":1} []
[2019-02-07 08:58:34] php.CRITICAL: Class 'App\DataFixtures\Usager' not found {"exception":"[object] (Symfony\\Component\\Debug\\Exception\\FatalThrowableError(code: 0): Class 'App\\DataFixtures\\Usager' not found at /Applications/MAMP/htdocs/test_symfony/test_symfony/src/DataFixtures/AppFixtures.php:15)"} []
[2019-02-07 08:59:51] doctrine.DEBUG: SELECT * FROM usager [] []
[2019-02-07 09:00:03] doctrine.DEBUG: "START TRANSACTION" [] []
[2019-02-07 09:00:03] doctrine.DEBUG: DELETE FROM usager [] []
[2019-02-07 09:00:03] doctrine.DEBUG: INSERT INTO usager (nom, prenom, adresse) VALUES (?, ?, ?) {"1":"Dylan","2":"Bob","3":"Quelque part en Angleterre"} []
[2019-02-07 09:00:03] doctrine.DEBUG: "COMMIT" [] []
[2019-02-07 09:00:06] doctrine.DEBUG: SELECT * FROM usager [] []
[2019-02-07 09:11:59] php.DEBUG: Warning: fsockopen(): unable to connect to 127.0.0.1:8000 (Connection refused) {"exception":"[object] (Symfony\\Component\\Debug\\Exception\\SilencedErrorContext: {\"severity\":2,\"file\":\"/Applications/MAMP/htdocs/test_symfony/test_symfony/vendor/symfony/web-server-bundle/WebServerConfig.php\",\"line\":139,\"trace\":[{\"file\":\"/Applications/MAMP/htdocs/test_symfony/test_symfony/vendor/symfony/web-server-bundle/WebServerConfig.php\",\"line\":54,\"function\":\"findBestPort\",\"class\":\"Symfony\\\\Bundle\\\\WebServerBundle\\\\WebServerConfig\",\"type\":\"->\"}],\"count\":1})"} []
[2019-02-07 09:12:19] request.CRITICAL: Uncaught PHP Exception Symfony\Component\Config\Exception\LoaderLoadException: "[Semantical Error] Couldn't find constant u, method App\Controller\HomepageController::usager() in /Applications/MAMP/htdocs/test_symfony/test_symfony/config/routes/../../src/Controller/ (which is being imported from "/Applications/MAMP/htdocs/test_symfony/test_symfony/config/routes/annotations.yaml"). Make sure annotations are installed and enabled." at /Applications/MAMP/htdocs/test_symfony/test_symfony/vendor/symfony/config/Loader/FileLoader.php line 166 {"exception":"[object] (Symfony\\Component\\Config\\Exception\\LoaderLoadException(code: 0): [Semantical Error] Couldn't find constant u, method App\\Controller\\HomepageController::usager() in /Applications/MAMP/htdocs/test_symfony/test_symfony/config/routes/../../src/Controller/ (which is being imported from \"/Applications/MAMP/htdocs/test_symfony/test_symfony/config/routes/annotations.yaml\"). Make sure annotations are installed and enabled. at /Applications/MAMP/htdocs/test_symfony/test_symfony/vendor/symfony/config/Loader/FileLoader.php:166, Doctrine\\Common\\Annotations\\AnnotationException(code: 0): [Semantical Error] Couldn't find constant u, method App\\Controller\\HomepageController::usager(). at /Applications/MAMP/htdocs/test_symfony/test_symfony/vendor/doctrine/annotations/lib/Doctrine/Common/Annotations/AnnotationException.php:54)"} []
[2019-02-07 09:12:19] request.CRITICAL: Exception thrown when handling an exception (Twig_Error_Runtime: An exception has been thrown during the rendering of a template ("[Semantical Error] Couldn't find constant u, method App\Controller\HomepageController::usager() in /Applications/MAMP/htdocs/test_symfony/test_symfony/config/routes/../../src/Controller/ (which is being imported from "/Applications/MAMP/htdocs/test_symfony/test_symfony/config/routes/annotations.yaml"). Make sure annotations are installed and enabled."). at /Applications/MAMP/htdocs/test_symfony/test_symfony/vendor/symfony/twig-bundle/Resources/views/Exception/trace.html.twig line 13) {"exception":"[object] (Twig_Error_Runtime(code: 0): An exception has been thrown during the rendering of a template (\"[Semantical Error] Couldn't find constant u, method App\\Controller\\HomepageController::usager() in /Applications/MAMP/htdocs/test_symfony/test_symfony/config/routes/../../src/Controller/ (which is being imported from \"/Applications/MAMP/htdocs/test_symfony/test_symfony/config/routes/annotations.yaml\"). Make sure annotations are installed and enabled.\"). at /Applications/MAMP/htdocs/test_symfony/test_symfony/vendor/symfony/twig-bundle/Resources/views/Exception/trace.html.twig:13, Symfony\\Component\\Config\\Exception\\LoaderLoadException(code: 0): [Semantical Error] Couldn't find constant u, method App\\Controller\\HomepageController::usager() in /Applications/MAMP/htdocs/test_symfony/test_symfony/config/routes/../../src/Controller/ (which is being imported from \"/Applications/MAMP/htdocs/test_symfony/test_symfony/config/routes/annotations.yaml\"). Make sure annotations are installed and enabled. at /Applications/MAMP/htdocs/test_symfony/test_symfony/vendor/symfony/config/Loader/FileLoader.php:166, Doctrine\\Common\\Annotations\\AnnotationException(code: 0): [Semantical Error] Couldn't find constant u, method App\\Controller\\HomepageController::usager(). at /Applications/MAMP/htdocs/test_symfony/test_symfony/vendor/doctrine/annotations/lib/Doctrine/Common/Annotations/AnnotationException.php:54)"} []
[2019-02-07 09:12:19] php.CRITICAL: Uncaught Exception: An exception has been thrown during the rendering of a template ("[Semantical Error] Couldn't find constant u, method App\Controller\HomepageController::usager() in /Applications/MAMP/htdocs/test_symfony/test_symfony/config/routes/../../src/Controller/ (which is being imported from "/Applications/MAMP/htdocs/test_symfony/test_symfony/config/routes/annotations.yaml"). Make sure annotations are installed and enabled."). {"exception":"[object] (Twig_Error_Runtime(code: 0): An exception has been thrown during the rendering of a template (\"[Semantical Error] Couldn't find constant u, method App\\Controller\\HomepageController::usager() in /Applications/MAMP/htdocs/test_symfony/test_symfony/config/routes/../../src/Controller/ (which is being imported from \"/Applications/MAMP/htdocs/test_symfony/test_symfony/config/routes/annotations.yaml\"). Make sure annotations are installed and enabled.\"). at /Applications/MAMP/htdocs/test_symfony/test_symfony/vendor/symfony/twig-bundle/Resources/views/Exception/trace.html.twig:13, Symfony\\Component\\Config\\Exception\\LoaderLoadException(code: 0): [Semantical Error] Couldn't find constant u, method App\\Controller\\HomepageController::usager() in /Applications/MAMP/htdocs/test_symfony/test_symfony/config/routes/../../src/Controller/ (which is being imported from \"/Applications/MAMP/htdocs/test_symfony/test_symfony/config/routes/annotations.yaml\"). Make sure annotations are installed and enabled. at /Applications/MAMP/htdocs/test_symfony/test_symfony/vendor/symfony/config/Loader/FileLoader.php:166, Doctrine\\Common\\Annotations\\AnnotationException(code: 0): [Semantical Error] Couldn't find constant u, method App\\Controller\\HomepageController::usager(). at /Applications/MAMP/htdocs/test_symfony/test_symfony/vendor/doctrine/annotations/lib/Doctrine/Common/Annotations/AnnotationException.php:54, Symfony\\Component\\Config\\Exception\\LoaderLoadException(code: 0): [Semantical Error] Couldn't find constant u, method App\\Controller\\HomepageController::usager() in /Applications/MAMP/htdocs/test_symfony/test_symfony/config/routes/../../src/Controller/ (which is being imported from \"/Applications/MAMP/htdocs/test_symfony/test_symfony/config/routes/annotations.yaml\"). Make sure annotations are installed and enabled. at /Applications/MAMP/htdocs/test_symfony/test_symfony/vendor/symfony/config/Loader/FileLoader.php:166, Doctrine\\Common\\Annotations\\AnnotationException(code: 0): [Semantical Error] Couldn't find constant u, method App\\Controller\\HomepageController::usager(). at /Applications/MAMP/htdocs/test_symfony/test_symfony/vendor/doctrine/annotations/lib/Doctrine/Common/Annotations/AnnotationException.php:54)"} []
[2019-02-07 09:12:19] request.CRITICAL: Uncaught PHP Exception Twig_Error_Runtime: "An exception has been thrown during the rendering of a template ("[Semantical Error] Couldn't find constant u, method App\Controller\HomepageController::usager() in /Applications/MAMP/htdocs/test_symfony/test_symfony/config/routes/../../src/Controller/ (which is being imported from "/Applications/MAMP/htdocs/test_symfony/test_symfony/config/routes/annotations.yaml"). Make sure annotations are installed and enabled.")." at /Applications/MAMP/htdocs/test_symfony/test_symfony/vendor/symfony/twig-bundle/Resources/views/Exception/trace.html.twig line 13 {"exception":"[object] (Twig_Error_Runtime(code: 0): An exception has been thrown during the rendering of a template (\"[Semantical Error] Couldn't find constant u, method App\\Controller\\HomepageController::usager() in /Applications/MAMP/htdocs/test_symfony/test_symfony/config/routes/../../src/Controller/ (which is being imported from \"/Applications/MAMP/htdocs/test_symfony/test_symfony/config/routes/annotations.yaml\"). Make sure annotations are installed and enabled.\"). at /Applications/MAMP/htdocs/test_symfony/test_symfony/vendor/symfony/twig-bundle/Resources/views/Exception/trace.html.twig:13, Symfony\\Component\\Config\\Exception\\LoaderLoadException(code: 0): [Semantical Error] Couldn't find constant u, method App\\Controller\\HomepageController::usager() in /Applications/MAMP/htdocs/test_symfony/test_symfony/config/routes/../../src/Controller/ (which is being imported from \"/Applications/MAMP/htdocs/test_symfony/test_symfony/config/routes/annotations.yaml\"). Make sure annotations are installed and enabled. at /Applications/MAMP/htdocs/test_symfony/test_symfony/vendor/symfony/config/Loader/FileLoader.php:166, Doctrine\\Common\\Annotations\\AnnotationException(code: 0): [Semantical Error] Couldn't find constant u, method App\\Controller\\HomepageController::usager(). at /Applications/MAMP/htdocs/test_symfony/test_symfony/vendor/doctrine/annotations/lib/Doctrine/Common/Annotations/AnnotationException.php:54, Symfony\\Component\\Config\\Exception\\LoaderLoadException(code: 0): [Semantical Error] Couldn't find constant u, method App\\Controller\\HomepageController::usager() in /Applications/MAMP/htdocs/test_symfony/test_symfony/config/routes/../../src/Controller/ (which is being imported from \"/Applications/MAMP/htdocs/test_symfony/test_symfony/config/routes/annotations.yaml\"). Make sure annotations are installed and enabled. at /Applications/MAMP/htdocs/test_symfony/test_symfony/vendor/symfony/config/Loader/FileLoader.php:166, Doctrine\\Common\\Annotations\\AnnotationException(code: 0): [Semantical Error] Couldn't find constant u, method App\\Controller\\HomepageController::usager(). at /Applications/MAMP/htdocs/test_symfony/test_symfony/vendor/doctrine/annotations/lib/Doctrine/Common/Annotations/AnnotationException.php:54)"} []
[2019-02-07 09:12:19] request.CRITICAL: Exception thrown when handling an exception (Twig_Error_Runtime: An exception has been thrown during the rendering of a template ("[Semantical Error] Couldn't find constant u, method App\Controller\HomepageController::usager() in /Applications/MAMP/htdocs/test_symfony/test_symfony/config/routes/../../src/Controller/ (which is being imported from "/Applications/MAMP/htdocs/test_symfony/test_symfony/config/routes/annotations.yaml"). Make sure annotations are installed and enabled."). at /Applications/MAMP/htdocs/test_symfony/test_symfony/vendor/symfony/twig-bundle/Resources/views/Exception/trace.html.twig line 13) {"exception":"[object] (Twig_Error_Runtime(code: 0): An exception has been thrown during the rendering of a template (\"[Semantical Error] Couldn't find constant u, method App\\Controller\\HomepageController::usager() in /Applications/MAMP/htdocs/test_symfony/test_symfony/config/routes/../../src/Controller/ (which is being imported from \"/Applications/MAMP/htdocs/test_symfony/test_symfony/config/routes/annotations.yaml\"). Make sure annotations are installed and enabled.\"). at /Applications/MAMP/htdocs/test_symfony/test_symfony/vendor/symfony/twig-bundle/Resources/views/Exception/trace.html.twig:13, Symfony\\Component\\Config\\Exception\\LoaderLoadException(code: 0): [Semantical Error] Couldn't find constant u, method App\\Controller\\HomepageController::usager() in /Applications/MAMP/htdocs/test_symfony/test_symfony/config/routes/../../src/Controller/ (which is being imported from \"/Applications/MAMP/htdocs/test_symfony/test_symfony/config/routes/annotations.yaml\"). Make sure annotations are installed and enabled. at /Applications/MAMP/htdocs/test_symfony/test_symfony/vendor/symfony/config/Loader/FileLoader.php:166, Doctrine\\Common\\Annotations\\AnnotationException(code: 0): [Semantical Error] Couldn't find constant u, method App\\Controller\\HomepageController::usager(). at /Applications/MAMP/htdocs/test_symfony/test_symfony/vendor/doctrine/annotations/lib/Doctrine/Common/Annotations/AnnotationException.php:54)"} []
[2019-02-07 09:12:20] request.CRITICAL: Uncaught PHP Exception Symfony\Component\Config\Exception\LoaderLoadException: "[Semantical Error] Couldn't find constant u, method App\Controller\HomepageController::usager() in /Applications/MAMP/htdocs/test_symfony/test_symfony/config/routes/../../src/Controller/ (which is being imported from "/Applications/MAMP/htdocs/test_symfony/test_symfony/config/routes/annotations.yaml"). Make sure annotations are installed and enabled." at /Applications/MAMP/htdocs/test_symfony/test_symfony/vendor/symfony/config/Loader/FileLoader.php line 166 {"exception":"[object] (Symfony\\Component\\Config\\Exception\\LoaderLoadException(code: 0): [Semantical Error] Couldn't find constant u, method App\\Controller\\HomepageController::usager() in /Applications/MAMP/htdocs/test_symfony/test_symfony/config/routes/../../src/Controller/ (which is being imported from \"/Applications/MAMP/htdocs/test_symfony/test_symfony/config/routes/annotations.yaml\"). Make sure annotations are installed and enabled. at /Applications/MAMP/htdocs/test_symfony/test_symfony/vendor/symfony/config/Loader/FileLoader.php:166, Doctrine\\Common\\Annotations\\AnnotationException(code: 0): [Semantical Error] Couldn't find constant u, method App\\Controller\\HomepageController::usager(). at /Applications/MAMP/htdocs/test_symfony/test_symfony/vendor/doctrine/annotations/lib/Doctrine/Common/Annotations/AnnotationException.php:54)"} []
[2019-02-07 09:12:20] request.CRITICAL: Exception thrown when handling an exception (Twig_Error_Runtime: An exception has been thrown during the rendering of a template ("[Semantical Error] Couldn't find constant u, method App\Controller\HomepageController::usager() in /Applications/MAMP/htdocs/test_symfony/test_symfony/config/routes/../../src/Controller/ (which is being imported from "/Applications/MAMP/htdocs/test_symfony/test_symfony/config/routes/annotations.yaml"). Make sure annotations are installed and enabled."). at /Applications/MAMP/htdocs/test_symfony/test_symfony/vendor/symfony/twig-bundle/Resources/views/Exception/trace.html.twig line 13) {"exception":"[object] (Twig_Error_Runtime(code: 0): An exception has been thrown during the rendering of a template (\"[Semantical Error] Couldn't find constant u, method App\\Controller\\HomepageController::usager() in /Applications/MAMP/htdocs/test_symfony/test_symfony/config/routes/../../src/Controller/ (which is being imported from \"/Applications/MAMP/htdocs/test_symfony/test_symfony/config/routes/annotations.yaml\"). Make sure annotations are installed and enabled.\"). at /Applications/MAMP/htdocs/test_symfony/test_symfony/vendor/symfony/twig-bundle/Resources/views/Exception/trace.html.twig:13, Symfony\\Component\\Config\\Exception\\LoaderLoadException(code: 0): [Semantical Error] Couldn't find constant u, method App\\Controller\\HomepageController::usager() in /Applications/MAMP/htdocs/test_symfony/test_symfony/config/routes/../../src/Controller/ (which is being imported from \"/Applications/MAMP/htdocs/test_symfony/test_symfony/config/routes/annotations.yaml\"). Make sure annotations are installed and enabled. at /Applications/MAMP/htdocs/test_symfony/test_symfony/vendor/symfony/config/Loader/FileLoader.php:166, Doctrine\\Common\\Annotations\\AnnotationException(code: 0): [Semantical Error] Couldn't find constant u, method App\\Controller\\HomepageController::usager(). at /Applications/MAMP/htdocs/test_symfony/test_symfony/vendor/doctrine/annotations/lib/Doctrine/Common/Annotations/AnnotationException.php:54)"} []
[2019-02-07 09:12:20] php.CRITICAL: Uncaught Exception: An exception has been thrown during the rendering of a template ("[Semantical Error] Couldn't find constant u, method App\Controller\HomepageController::usager() in /Applications/MAMP/htdocs/test_symfony/test_symfony/config/routes/../../src/Controller/ (which is being imported from "/Applications/MAMP/htdocs/test_symfony/test_symfony/config/routes/annotations.yaml"). Make sure annotations are installed and enabled."). {"exception":"[object] (Twig_Error_Runtime(code: 0): An exception has been thrown during the rendering of a template (\"[Semantical Error] Couldn't find constant u, method App\\Controller\\HomepageController::usager() in /Applications/MAMP/htdocs/test_symfony/test_symfony/config/routes/../../src/Controller/ (which is being imported from \"/Applications/MAMP/htdocs/test_symfony/test_symfony/config/routes/annotations.yaml\"). Make sure annotations are installed and enabled.\"). at /Applications/MAMP/htdocs/test_symfony/test_symfony/vendor/symfony/twig-bundle/Resources/views/Exception/trace.html.twig:13, Symfony\\Component\\Config\\Exception\\LoaderLoadException(code: 0): [Semantical Error] Couldn't find constant u, method App\\Controller\\HomepageController::usager() in /Applications/MAMP/htdocs/test_symfony/test_symfony/config/routes/../../src/Controller/ (which is being imported from \"/Applications/MAMP/htdocs/test_symfony/test_symfony/config/routes/annotations.yaml\"). Make sure annotations are installed and enabled. at /Applications/MAMP/htdocs/test_symfony/test_symfony/vendor/symfony/config/Loader/FileLoader.php:166, Doctrine\\Common\\Annotations\\AnnotationException(code: 0): [Semantical Error] Couldn't find constant u, method App\\Controller\\HomepageController::usager(). at /Applications/MAMP/htdocs/test_symfony/test_symfony/vendor/doctrine/annotations/lib/Doctrine/Common/Annotations/AnnotationException.php:54, Symfony\\Component\\Config\\Exception\\LoaderLoadException(code: 0): [Semantical Error] Couldn't find constant u, method App\\Controller\\HomepageController::usager() in /Applications/MAMP/htdocs/test_symfony/test_symfony/config/routes/../../src/Controller/ (which is being imported from \"/Applications/MAMP/htdocs/test_symfony/test_symfony/config/routes/annotations.yaml\"). Make sure annotations are installed and enabled. at /Applications/MAMP/htdocs/test_symfony/test_symfony/vendor/symfony/config/Loader/FileLoader.php:166, Doctrine\\Common\\Annotations\\AnnotationException(code: 0): [Semantical Error] Couldn't find constant u, method App\\Controller\\HomepageController::usager(). at /Applications/MAMP/htdocs/test_symfony/test_symfony/vendor/doctrine/annotations/lib/Doctrine/Common/Annotations/AnnotationException.php:54)"} []
[2019-02-07 09:12:20] request.CRITICAL: Uncaught PHP Exception Twig_Error_Runtime: "An exception has been thrown during the rendering of a template ("[Semantical Error] Couldn't find constant u, method App\Controller\HomepageController::usager() in /Applications/MAMP/htdocs/test_symfony/test_symfony/config/routes/../../src/Controller/ (which is being imported from "/Applications/MAMP/htdocs/test_symfony/test_symfony/config/routes/annotations.yaml"). Make sure annotations are installed and enabled.")." at /Applications/MAMP/htdocs/test_symfony/test_symfony/vendor/symfony/twig-bundle/Resources/views/Exception/trace.html.twig line 13 {"exception":"[object] (Twig_Error_Runtime(code: 0): An exception has been thrown during the rendering of a template (\"[Semantical Error] Couldn't find constant u, method App\\Controller\\HomepageController::usager() in /Applications/MAMP/htdocs/test_symfony/test_symfony/config/routes/../../src/Controller/ (which is being imported from \"/Applications/MAMP/htdocs/test_symfony/test_symfony/config/routes/annotations.yaml\"). Make sure annotations are installed and enabled.\"). at /Applications/MAMP/htdocs/test_symfony/test_symfony/vendor/symfony/twig-bundle/Resources/views/Exception/trace.html.twig:13, Symfony\\Component\\Config\\Exception\\LoaderLoadException(code: 0): [Semantical Error] Couldn't find constant u, method App\\Controller\\HomepageController::usager() in /Applications/MAMP/htdocs/test_symfony/test_symfony/config/routes/../../src/Controller/ (which is being imported from \"/Applications/MAMP/htdocs/test_symfony/test_symfony/config/routes/annotations.yaml\"). Make sure annotations are installed and enabled. at /Applications/MAMP/htdocs/test_symfony/test_symfony/vendor/symfony/config/Loader/FileLoader.php:166, Doctrine\\Common\\Annotations\\AnnotationException(code: 0): [Semantical Error] Couldn't find constant u, method App\\Controller\\HomepageController::usager(). at /Applications/MAMP/htdocs/test_symfony/test_symfony/vendor/doctrine/annotations/lib/Doctrine/Common/Annotations/AnnotationException.php:54, Symfony\\Component\\Config\\Exception\\LoaderLoadException(code: 0): [Semantical Error] Couldn't find constant u, method App\\Controller\\HomepageController::usager() in /Applications/MAMP/htdocs/test_symfony/test_symfony/config/routes/../../src/Controller/ (which is being imported from \"/Applications/MAMP/htdocs/test_symfony/test_symfony/config/routes/annotations.yaml\"). Make sure annotations are installed and enabled. at /Applications/MAMP/htdocs/test_symfony/test_symfony/vendor/symfony/config/Loader/FileLoader.php:166, Doctrine\\Common\\Annotations\\AnnotationException(code: 0): [Semantical Error] Couldn't find constant u, method App\\Controller\\HomepageController::usager(). at /Applications/MAMP/htdocs/test_symfony/test_symfony/vendor/doctrine/annotations/lib/Doctrine/Common/Annotations/AnnotationException.php:54)"} []
[2019-02-07 09:12:20] request.CRITICAL: Exception thrown when handling an exception (Twig_Error_Runtime: An exception has been thrown during the rendering of a template ("[Semantical Error] Couldn't find constant u, method App\Controller\HomepageController::usager() in /Applications/MAMP/htdocs/test_symfony/test_symfony/config/routes/../../src/Controller/ (which is being imported from "/Applications/MAMP/htdocs/test_symfony/test_symfony/config/routes/annotations.yaml"). Make sure annotations are installed and enabled."). at /Applications/MAMP/htdocs/test_symfony/test_symfony/vendor/symfony/twig-bundle/Resources/views/Exception/trace.html.twig line 13) {"exception":"[object] (Twig_Error_Runtime(code: 0): An exception has been thrown during the rendering of a template (\"[Semantical Error] Couldn't find constant u, method App\\Controller\\HomepageController::usager() in /Applications/MAMP/htdocs/test_symfony/test_symfony/config/routes/../../src/Controller/ (which is being imported from \"/Applications/MAMP/htdocs/test_symfony/test_symfony/config/routes/annotations.yaml\"). Make sure annotations are installed and enabled.\"). at /Applications/MAMP/htdocs/test_symfony/test_symfony/vendor/symfony/twig-bundle/Resources/views/Exception/trace.html.twig:13, Symfony\\Component\\Config\\Exception\\LoaderLoadException(code: 0): [Semantical Error] Couldn't find constant u, method App\\Controller\\HomepageController::usager() in /Applications/MAMP/htdocs/test_symfony/test_symfony/config/routes/../../src/Controller/ (which is being imported from \"/Applications/MAMP/htdocs/test_symfony/test_symfony/config/routes/annotations.yaml\"). Make sure annotations are installed and enabled. at /Applications/MAMP/htdocs/test_symfony/test_symfony/vendor/symfony/config/Loader/FileLoader.php:166, Doctrine\\Common\\Annotations\\AnnotationException(code: 0): [Semantical Error] Couldn't find constant u, method App\\Controller\\HomepageController::usager(). at /Applications/MAMP/htdocs/test_symfony/test_symfony/vendor/doctrine/annotations/lib/Doctrine/Common/Annotations/AnnotationException.php:54)"} []
[2019-02-07 09:15:08] php.DEBUG: Warning: fsockopen(): unable to connect to 127.0.0.1:8000 (Connection refused) {"exception":"[object] (Symfony\\Component\\Debug\\Exception\\SilencedErrorContext: {\"severity\":2,\"file\":\"/Applications/MAMP/htdocs/test_symfony/test_symfony/vendor/symfony/web-server-bundle/WebServerConfig.php\",\"line\":139,\"trace\":[{\"file\":\"/Applications/MAMP/htdocs/test_symfony/test_symfony/vendor/symfony/web-server-bundle/WebServerConfig.php\",\"line\":54,\"function\":\"findBestPort\",\"class\":\"Symfony\\\\Bundle\\\\WebServerBundle\\\\WebServerConfig\",\"type\":\"->\"}],\"count\":1})"} []
[2019-02-07 09:15:12] request.CRITICAL: Uncaught PHP Exception Symfony\Component\Config\Exception\LoaderLoadException: "[Semantical Error] Couldn't find constant u, method App\Controller\HomepageController::usager() in /Applications/MAMP/htdocs/test_symfony/test_symfony/config/routes/../../src/Controller/ (which is being imported from "/Applications/MAMP/htdocs/test_symfony/test_symfony/config/routes/annotations.yaml"). Make sure annotations are installed and enabled." at /Applications/MAMP/htdocs/test_symfony/test_symfony/vendor/symfony/config/Loader/FileLoader.php line 166 {"exception":"[object] (Symfony\\Component\\Config\\Exception\\LoaderLoadException(code: 0): [Semantical Error] Couldn't find constant u, method App\\Controller\\HomepageController::usager() in /Applications/MAMP/htdocs/test_symfony/test_symfony/config/routes/../../src/Controller/ (which is being imported from \"/Applications/MAMP/htdocs/test_symfony/test_symfony/config/routes/annotations.yaml\"). Make sure annotations are installed and enabled. at /Applications/MAMP/htdocs/test_symfony/test_symfony/vendor/symfony/config/Loader/FileLoader.php:166, Doctrine\\Common\\Annotations\\AnnotationException(code: 0): [Semantical Error] Couldn't find constant u, method App\\Controller\\HomepageController::usager(). at /Applications/MAMP/htdocs/test_symfony/test_symfony/vendor/doctrine/annotations/lib/Doctrine/Common/Annotations/AnnotationException.php:54)"} []
[2019-02-07 09:15:12] request.CRITICAL: Exception thrown when handling an exception (Twig_Error_Runtime: An exception has been thrown during the rendering of a template ("[Semantical Error] Couldn't find constant u, method App\Controller\HomepageController::usager() in /Applications/MAMP/htdocs/test_symfony/test_symfony/config/routes/../../src/Controller/ (which is being imported from "/Applications/MAMP/htdocs/test_symfony/test_symfony/config/routes/annotations.yaml"). Make sure annotations are installed and enabled."). at /Applications/MAMP/htdocs/test_symfony/test_symfony/vendor/symfony/twig-bundle/Resources/views/Exception/trace.html.twig line 13) {"exception":"[object] (Twig_Error_Runtime(code: 0): An exception has been thrown during the rendering of a template (\"[Semantical Error] Couldn't find constant u, method App\\Controller\\HomepageController::usager() in /Applications/MAMP/htdocs/test_symfony/test_symfony/config/routes/../../src/Controller/ (which is being imported from \"/Applications/MAMP/htdocs/test_symfony/test_symfony/config/routes/annotations.yaml\"). Make sure annotations are installed and enabled.\"). at /Applications/MAMP/htdocs/test_symfony/test_symfony/vendor/symfony/twig-bundle/Resources/views/Exception/trace.html.twig:13, Symfony\\Component\\Config\\Exception\\LoaderLoadException(code: 0): [Semantical Error] Couldn't find constant u, method App\\Controller\\HomepageController::usager() in /Applications/MAMP/htdocs/test_symfony/test_symfony/config/routes/../../src/Controller/ (which is being imported from \"/Applications/MAMP/htdocs/test_symfony/test_symfony/config/routes/annotations.yaml\"). Make sure annotations are installed and enabled. at /Applications/MAMP/htdocs/test_symfony/test_symfony/vendor/symfony/config/Loader/FileLoader.php:166, Doctrine\\Common\\Annotations\\AnnotationException(code: 0): [Semantical Error] Couldn't find constant u, method App\\Controller\\HomepageController::usager(). at /Applications/MAMP/htdocs/test_symfony/test_symfony/vendor/doctrine/annotations/lib/Doctrine/Common/Annotations/AnnotationException.php:54)"} []
[2019-02-07 09:15:12] php.CRITICAL: Uncaught Exception: An exception has been thrown during the rendering of a template ("[Semantical Error] Couldn't find constant u, method App\Controller\HomepageController::usager() in /Applications/MAMP/htdocs/test_symfony/test_symfony/config/routes/../../src/Controller/ (which is being imported from "/Applications/MAMP/htdocs/test_symfony/test_symfony/config/routes/annotations.yaml"). Make sure annotations are installed and enabled."). {"exception":"[object] (Twig_Error_Runtime(code: 0): An exception has been thrown during the rendering of a template (\"[Semantical Error] Couldn't find constant u, method App\\Controller\\HomepageController::usager() in /Applications/MAMP/htdocs/test_symfony/test_symfony/config/routes/../../src/Controller/ (which is being imported from \"/Applications/MAMP/htdocs/test_symfony/test_symfony/config/routes/annotations.yaml\"). Make sure annotations are installed and enabled.\"). at /Applications/MAMP/htdocs/test_symfony/test_symfony/vendor/symfony/twig-bundle/Resources/views/Exception/trace.html.twig:13, Symfony\\Component\\Config\\Exception\\LoaderLoadException(code: 0): [Semantical Error] Couldn't find constant u, method App\\Controller\\HomepageController::usager() in /Applications/MAMP/htdocs/test_symfony/test_symfony/config/routes/../../src/Controller/ (which is being imported from \"/Applications/MAMP/htdocs/test_symfony/test_symfony/config/routes/annotations.yaml\"). Make sure annotations are installed and enabled. at /Applications/MAMP/htdocs/test_symfony/test_symfony/vendor/symfony/config/Loader/FileLoader.php:166, Doctrine\\Common\\Annotations\\AnnotationException(code: 0): [Semantical Error] Couldn't find constant u, method App\\Controller\\HomepageController::usager(). at /Applications/MAMP/htdocs/test_symfony/test_symfony/vendor/doctrine/annotations/lib/Doctrine/Common/Annotations/AnnotationException.php:54, Symfony\\Component\\Config\\Exception\\LoaderLoadException(code: 0): [Semantical Error] Couldn't find constant u, method App\\Controller\\HomepageController::usager() in /Applications/MAMP/htdocs/test_symfony/test_symfony/config/routes/../../src/Controller/ (which is being imported from \"/Applications/MAMP/htdocs/test_symfony/test_symfony/config/routes/annotations.yaml\"). Make sure annotations are installed and enabled. at /Applications/MAMP/htdocs/test_symfony/test_symfony/vendor/symfony/config/Loader/FileLoader.php:166, Doctrine\\Common\\Annotations\\AnnotationException(code: 0): [Semantical Error] Couldn't find constant u, method App\\Controller\\HomepageController::usager(). at /Applications/MAMP/htdocs/test_symfony/test_symfony/vendor/doctrine/annotations/lib/Doctrine/Common/Annotations/AnnotationException.php:54)"} []
[2019-02-07 09:15:12] request.CRITICAL: Uncaught PHP Exception Twig_Error_Runtime: "An exception has been thrown during the rendering of a template ("[Semantical Error] Couldn't find constant u, method App\Controller\HomepageController::usager() in /Applications/MAMP/htdocs/test_symfony/test_symfony/config/routes/../../src/Controller/ (which is being imported from "/Applications/MAMP/htdocs/test_symfony/test_symfony/config/routes/annotations.yaml"). Make sure annotations are installed and enabled.")." at /Applications/MAMP/htdocs/test_symfony/test_symfony/vendor/symfony/twig-bundle/Resources/views/Exception/trace.html.twig line 13 {"exception":"[object] (Twig_Error_Runtime(code: 0): An exception has been thrown during the rendering of a template (\"[Semantical Error] Couldn't find constant u, method App\\Controller\\HomepageController::usager() in /Applications/MAMP/htdocs/test_symfony/test_symfony/config/routes/../../src/Controller/ (which is being imported from \"/Applications/MAMP/htdocs/test_symfony/test_symfony/config/routes/annotations.yaml\"). Make sure annotations are installed and enabled.\"). at /Applications/MAMP/htdocs/test_symfony/test_symfony/vendor/symfony/twig-bundle/Resources/views/Exception/trace.html.twig:13, Symfony\\Component\\Config\\Exception\\LoaderLoadException(code: 0): [Semantical Error] Couldn't find constant u, method App\\Controller\\HomepageController::usager() in /Applications/MAMP/htdocs/test_symfony/test_symfony/config/routes/../../src/Controller/ (which is being imported from \"/Applications/MAMP/htdocs/test_symfony/test_symfony/config/routes/annotations.yaml\"). Make sure annotations are installed and enabled. at /Applications/MAMP/htdocs/test_symfony/test_symfony/vendor/symfony/config/Loader/FileLoader.php:166, Doctrine\\Common\\Annotations\\AnnotationException(code: 0): [Semantical Error] Couldn't find constant u, method App\\Controller\\HomepageController::usager(). at /Applications/MAMP/htdocs/test_symfony/test_symfony/vendor/doctrine/annotations/lib/Doctrine/Common/Annotations/AnnotationException.php:54, Symfony\\Component\\Config\\Exception\\LoaderLoadException(code: 0): [Semantical Error] Couldn't find constant u, method App\\Controller\\HomepageController::usager() in /Applications/MAMP/htdocs/test_symfony/test_symfony/config/routes/../../src/Controller/ (which is being imported from \"/Applications/MAMP/htdocs/test_symfony/test_symfony/config/routes/annotations.yaml\"). Make sure annotations are installed and enabled. at /Applications/MAMP/htdocs/test_symfony/test_symfony/vendor/symfony/config/Loader/FileLoader.php:166, Doctrine\\Common\\Annotations\\AnnotationException(code: 0): [Semantical Error] Couldn't find constant u, method App\\Controller\\HomepageController::usager(). at /Applications/MAMP/htdocs/test_symfony/test_symfony/vendor/doctrine/annotations/lib/Doctrine/Common/Annotations/AnnotationException.php:54)"} []
[2019-02-07 09:15:12] request.CRITICAL: Exception thrown when handling an exception (Twig_Error_Runtime: An exception has been thrown during the rendering of a template ("[Semantical Error] Couldn't find constant u, method App\Controller\HomepageController::usager() in /Applications/MAMP/htdocs/test_symfony/test_symfony/config/routes/../../src/Controller/ (which is being imported from "/Applications/MAMP/htdocs/test_symfony/test_symfony/config/routes/annotations.yaml"). Make sure annotations are installed and enabled."). at /Applications/MAMP/htdocs/test_symfony/test_symfony/vendor/symfony/twig-bundle/Resources/views/Exception/trace.html.twig line 13) {"exception":"[object] (Twig_Error_Runtime(code: 0): An exception has been thrown during the rendering of a template (\"[Semantical Error] Couldn't find constant u, method App\\Controller\\HomepageController::usager() in /Applications/MAMP/htdocs/test_symfony/test_symfony/config/routes/../../src/Controller/ (which is being imported from \"/Applications/MAMP/htdocs/test_symfony/test_symfony/config/routes/annotations.yaml\"). Make sure annotations are installed and enabled.\"). at /Applications/MAMP/htdocs/test_symfony/test_symfony/vendor/symfony/twig-bundle/Resources/views/Exception/trace.html.twig:13, Symfony\\Component\\Config\\Exception\\LoaderLoadException(code: 0): [Semantical Error] Couldn't find constant u, method App\\Controller\\HomepageController::usager() in /Applications/MAMP/htdocs/test_symfony/test_symfony/config/routes/../../src/Controller/ (which is being imported from \"/Applications/MAMP/htdocs/test_symfony/test_symfony/config/routes/annotations.yaml\"). Make sure annotations are installed and enabled. at /Applications/MAMP/htdocs/test_symfony/test_symfony/vendor/symfony/config/Loader/FileLoader.php:166, Doctrine\\Common\\Annotations\\AnnotationException(code: 0): [Semantical Error] Couldn't find constant u, method App\\Controller\\HomepageController::usager(). at /Applications/MAMP/htdocs/test_symfony/test_symfony/vendor/doctrine/annotations/lib/Doctrine/Common/Annotations/AnnotationException.php:54)"} []
[2019-02-07 09:15:12] request.CRITICAL: Uncaught PHP Exception Symfony\Component\Config\Exception\LoaderLoadException: "[Semantical Error] Couldn't find constant u, method App\Controller\HomepageController::usager() in /Applications/MAMP/htdocs/test_symfony/test_symfony/config/routes/../../src/Controller/ (which is being imported from "/Applications/MAMP/htdocs/test_symfony/test_symfony/config/routes/annotations.yaml"). Make sure annotations are installed and enabled." at /Applications/MAMP/htdocs/test_symfony/test_symfony/vendor/symfony/config/Loader/FileLoader.php line 166 {"exception":"[object] (Symfony\\Component\\Config\\Exception\\LoaderLoadException(code: 0): [Semantical Error] Couldn't find constant u, method App\\Controller\\HomepageController::usager() in /Applications/MAMP/htdocs/test_symfony/test_symfony/config/routes/../../src/Controller/ (which is being imported from \"/Applications/MAMP/htdocs/test_symfony/test_symfony/config/routes/annotations.yaml\"). Make sure annotations are installed and enabled. at /Applications/MAMP/htdocs/test_symfony/test_symfony/vendor/symfony/config/Loader/FileLoader.php:166, Doctrine\\Common\\Annotations\\AnnotationException(code: 0): [Semantical Error] Couldn't find constant u, method App\\Controller\\HomepageController::usager(). at /Applications/MAMP/htdocs/test_symfony/test_symfony/vendor/doctrine/annotations/lib/Doctrine/Common/Annotations/AnnotationException.php:54)"} []
[2019-02-07 09:15:12] request.CRITICAL: Exception thrown when handling an exception (Twig_Error_Runtime: An exception has been thrown during the rendering of a template ("[Semantical Error] Couldn't find constant u, method App\Controller\HomepageController::usager() in /Applications/MAMP/htdocs/test_symfony/test_symfony/config/routes/../../src/Controller/ (which is being imported from "/Applications/MAMP/htdocs/test_symfony/test_symfony/config/routes/annotations.yaml"). Make sure annotations are installed and enabled."). at /Applications/MAMP/htdocs/test_symfony/test_symfony/vendor/symfony/twig-bundle/Resources/views/Exception/trace.html.twig line 13) {"exception":"[object] (Twig_Error_Runtime(code: 0): An exception has been thrown during the rendering of a template (\"[Semantical Error] Couldn't find constant u, method App\\Controller\\HomepageController::usager() in /Applications/MAMP/htdocs/test_symfony/test_symfony/config/routes/../../src/Controller/ (which is being imported from \"/Applications/MAMP/htdocs/test_symfony/test_symfony/config/routes/annotations.yaml\"). Make sure annotations are installed and enabled.\"). at /Applications/MAMP/htdocs/test_symfony/test_symfony/vendor/symfony/twig-bundle/Resources/views/Exception/trace.html.twig:13, Symfony\\Component\\Config\\Exception\\LoaderLoadException(code: 0): [Semantical Error] Couldn't find constant u, method App\\Controller\\HomepageController::usager() in /Applications/MAMP/htdocs/test_symfony/test_symfony/config/routes/../../src/Controller/ (which is being imported from \"/Applications/MAMP/htdocs/test_symfony/test_symfony/config/routes/annotations.yaml\"). Make sure annotations are installed and enabled. at /Applications/MAMP/htdocs/test_symfony/test_symfony/vendor/symfony/config/Loader/FileLoader.php:166, Doctrine\\Common\\Annotations\\AnnotationException(code: 0): [Semantical Error] Couldn't find constant u, method App\\Controller\\HomepageController::usager(). at /Applications/MAMP/htdocs/test_symfony/test_symfony/vendor/doctrine/annotations/lib/Doctrine/Common/Annotations/AnnotationException.php:54)"} []
[2019-02-07 09:15:12] php.CRITICAL: Uncaught Exception: An exception has been thrown during the rendering of a template ("[Semantical Error] Couldn't find constant u, method App\Controller\HomepageController::usager() in /Applications/MAMP/htdocs/test_symfony/test_symfony/config/routes/../../src/Controller/ (which is being imported from "/Applications/MAMP/htdocs/test_symfony/test_symfony/config/routes/annotations.yaml"). Make sure annotations are installed and enabled."). {"exception":"[object] (Twig_Error_Runtime(code: 0): An exception has been thrown during the rendering of a template (\"[Semantical Error] Couldn't find constant u, method App\\Controller\\HomepageController::usager() in /Applications/MAMP/htdocs/test_symfony/test_symfony/config/routes/../../src/Controller/ (which is being imported from \"/Applications/MAMP/htdocs/test_symfony/test_symfony/config/routes/annotations.yaml\"). Make sure annotations are installed and enabled.\"). at /Applications/MAMP/htdocs/test_symfony/test_symfony/vendor/symfony/twig-bundle/Resources/views/Exception/trace.html.twig:13, Symfony\\Component\\Config\\Exception\\LoaderLoadException(code: 0): [Semantical Error] Couldn't find constant u, method App\\Controller\\HomepageController::usager() in /Applications/MAMP/htdocs/test_symfony/test_symfony/config/routes/../../src/Controller/ (which is being imported from \"/Applications/MAMP/htdocs/test_symfony/test_symfony/config/routes/annotations.yaml\"). Make sure annotations are installed and enabled. at /Applications/MAMP/htdocs/test_symfony/test_symfony/vendor/symfony/config/Loader/FileLoader.php:166, Doctrine\\Common\\Annotations\\AnnotationException(code: 0): [Semantical Error] Couldn't find constant u, method App\\Controller\\HomepageController::usager(). at /Applications/MAMP/htdocs/test_symfony/test_symfony/vendor/doctrine/annotations/lib/Doctrine/Common/Annotations/AnnotationException.php:54, Symfony\\Component\\Config\\Exception\\LoaderLoadException(code: 0): [Semantical Error] Couldn't find constant u, method App\\Controller\\HomepageController::usager() in /Applications/MAMP/htdocs/test_symfony/test_symfony/config/routes/../../src/Controller/ (which is being imported from \"/Applications/MAMP/htdocs/test_symfony/test_symfony/config/routes/annotations.yaml\"). Make sure annotations are installed and enabled. at /Applications/MAMP/htdocs/test_symfony/test_symfony/vendor/symfony/config/Loader/FileLoader.php:166, Doctrine\\Common\\Annotations\\AnnotationException(code: 0): [Semantical Error] Couldn't find constant u, method App\\Controller\\HomepageController::usager(). at /Applications/MAMP/htdocs/test_symfony/test_symfony/vendor/doctrine/annotations/lib/Doctrine/Common/Annotations/AnnotationException.php:54)"} []
[2019-02-07 09:15:12] request.CRITICAL: Uncaught PHP Exception Twig_Error_Runtime: "An exception has been thrown during the rendering of a template ("[Semantical Error] Couldn't find constant u, method App\Controller\HomepageController::usager() in /Applications/MAMP/htdocs/test_symfony/test_symfony/config/routes/../../src/Controller/ (which is being imported from "/Applications/MAMP/htdocs/test_symfony/test_symfony/config/routes/annotations.yaml"). Make sure annotations are installed and enabled.")." at /Applications/MAMP/htdocs/test_symfony/test_symfony/vendor/symfony/twig-bundle/Resources/views/Exception/trace.html.twig line 13 {"exception":"[object] (Twig_Error_Runtime(code: 0): An exception has been thrown during the rendering of a template (\"[Semantical Error] Couldn't find constant u, method App\\Controller\\HomepageController::usager() in /Applications/MAMP/htdocs/test_symfony/test_symfony/config/routes/../../src/Controller/ (which is being imported from \"/Applications/MAMP/htdocs/test_symfony/test_symfony/config/routes/annotations.yaml\"). Make sure annotations are installed and enabled.\"). at /Applications/MAMP/htdocs/test_symfony/test_symfony/vendor/symfony/twig-bundle/Resources/views/Exception/trace.html.twig:13, Symfony\\Component\\Config\\Exception\\LoaderLoadException(code: 0): [Semantical Error] Couldn't find constant u, method App\\Controller\\HomepageController::usager() in /Applications/MAMP/htdocs/test_symfony/test_symfony/config/routes/../../src/Controller/ (which is being imported from \"/Applications/MAMP/htdocs/test_symfony/test_symfony/config/routes/annotations.yaml\"). Make sure annotations are installed and enabled. at /Applications/MAMP/htdocs/test_symfony/test_symfony/vendor/symfony/config/Loader/FileLoader.php:166, Doctrine\\Common\\Annotations\\AnnotationException(code: 0): [Semantical Error] Couldn't find constant u, method App\\Controller\\HomepageController::usager(). at /Applications/MAMP/htdocs/test_symfony/test_symfony/vendor/doctrine/annotations/lib/Doctrine/Common/Annotations/AnnotationException.php:54, Symfony\\Component\\Config\\Exception\\LoaderLoadException(code: 0): [Semantical Error] Couldn't find constant u, method App\\Controller\\HomepageController::usager() in /Applications/MAMP/htdocs/test_symfony/test_symfony/config/routes/../../src/Controller/ (which is being imported from \"/Applications/MAMP/htdocs/test_symfony/test_symfony/config/routes/annotations.yaml\"). Make sure annotations are installed and enabled. at /Applications/MAMP/htdocs/test_symfony/test_symfony/vendor/symfony/config/Loader/FileLoader.php:166, Doctrine\\Common\\Annotations\\AnnotationException(code: 0): [Semantical Error] Couldn't find constant u, method App\\Controller\\HomepageController::usager(). at /Applications/MAMP/htdocs/test_symfony/test_symfony/vendor/doctrine/annotations/lib/Doctrine/Common/Annotations/AnnotationException.php:54)"} []
[2019-02-07 09:15:13] request.CRITICAL: Exception thrown when handling an exception (Twig_Error_Runtime: An exception has been thrown during the rendering of a template ("[Semantical Error] Couldn't find constant u, method App\Controller\HomepageController::usager() in /Applications/MAMP/htdocs/test_symfony/test_symfony/config/routes/../../src/Controller/ (which is being imported from "/Applications/MAMP/htdocs/test_symfony/test_symfony/config/routes/annotations.yaml"). Make sure annotations are installed and enabled."). at /Applications/MAMP/htdocs/test_symfony/test_symfony/vendor/symfony/twig-bundle/Resources/views/Exception/trace.html.twig line 13) {"exception":"[object] (Twig_Error_Runtime(code: 0): An exception has been thrown during the rendering of a template (\"[Semantical Error] Couldn't find constant u, method App\\Controller\\HomepageController::usager() in /Applications/MAMP/htdocs/test_symfony/test_symfony/config/routes/../../src/Controller/ (which is being imported from \"/Applications/MAMP/htdocs/test_symfony/test_symfony/config/routes/annotations.yaml\"). Make sure annotations are installed and enabled.\"). at /Applications/MAMP/htdocs/test_symfony/test_symfony/vendor/symfony/twig-bundle/Resources/views/Exception/trace.html.twig:13, Symfony\\Component\\Config\\Exception\\LoaderLoadException(code: 0): [Semantical Error] Couldn't find constant u, method App\\Controller\\HomepageController::usager() in /Applications/MAMP/htdocs/test_symfony/test_symfony/config/routes/../../src/Controller/ (which is being imported from \"/Applications/MAMP/htdocs/test_symfony/test_symfony/config/routes/annotations.yaml\"). Make sure annotations are installed and enabled. at /Applications/MAMP/htdocs/test_symfony/test_symfony/vendor/symfony/config/Loader/FileLoader.php:166, Doctrine\\Common\\Annotations\\AnnotationException(code: 0): [Semantical Error] Couldn't find constant u, method App\\Controller\\HomepageController::usager(). at /Applications/MAMP/htdocs/test_symfony/test_symfony/vendor/doctrine/annotations/lib/Doctrine/Common/Annotations/AnnotationException.php:54)"} []
[2019-02-07 09:15:23] request.CRITICAL: Uncaught PHP Exception Symfony\Component\Config\Exception\LoaderLoadException: "[Semantical Error] Couldn't find constant u, method App\Controller\HomepageController::usager() in /Applications/MAMP/htdocs/test_symfony/test_symfony/config/routes/../../src/Controller/ (which is being imported from "/Applications/MAMP/htdocs/test_symfony/test_symfony/config/routes/annotations.yaml"). Make sure annotations are installed and enabled." at /Applications/MAMP/htdocs/test_symfony/test_symfony/vendor/symfony/config/Loader/FileLoader.php line 166 {"exception":"[object] (Symfony\\Component\\Config\\Exception\\LoaderLoadException(code: 0): [Semantical Error] Couldn't find constant u, method App\\Controller\\HomepageController::usager() in /Applications/MAMP/htdocs/test_symfony/test_symfony/config/routes/../../src/Controller/ (which is being imported from \"/Applications/MAMP/htdocs/test_symfony/test_symfony/config/routes/annotations.yaml\"). Make sure annotations are installed and enabled. at /Applications/MAMP/htdocs/test_symfony/test_symfony/vendor/symfony/config/Loader/FileLoader.php:166, Doctrine\\Common\\Annotations\\AnnotationException(code: 0): [Semantical Error] Couldn't find constant u, method App\\Controller\\HomepageController::usager(). at /Applications/MAMP/htdocs/test_symfony/test_symfony/vendor/doctrine/annotations/lib/Doctrine/Common/Annotations/AnnotationException.php:54)"} []
[2019-02-07 09:15:23] request.CRITICAL: Exception thrown when handling an exception (Twig_Error_Runtime: An exception has been thrown during the rendering of a template ("[Semantical Error] Couldn't find constant u, method App\Controller\HomepageController::usager() in /Applications/MAMP/htdocs/test_symfony/test_symfony/config/routes/../../src/Controller/ (which is being imported from "/Applications/MAMP/htdocs/test_symfony/test_symfony/config/routes/annotations.yaml"). Make sure annotations are installed and enabled."). at /Applications/MAMP/htdocs/test_symfony/test_symfony/vendor/symfony/twig-bundle/Resources/views/Exception/trace.html.twig line 13) {"exception":"[object] (Twig_Error_Runtime(code: 0): An exception has been thrown during the rendering of a template (\"[Semantical Error] Couldn't find constant u, method App\\Controller\\HomepageController::usager() in /Applications/MAMP/htdocs/test_symfony/test_symfony/config/routes/../../src/Controller/ (which is being imported from \"/Applications/MAMP/htdocs/test_symfony/test_symfony/config/routes/annotations.yaml\"). Make sure annotations are installed and enabled.\"). at /Applications/MAMP/htdocs/test_symfony/test_symfony/vendor/symfony/twig-bundle/Resources/views/Exception/trace.html.twig:13, Symfony\\Component\\Config\\Exception\\LoaderLoadException(code: 0): [Semantical Error] Couldn't find constant u, method App\\Controller\\HomepageController::usager() in /Applications/MAMP/htdocs/test_symfony/test_symfony/config/routes/../../src/Controller/ (which is being imported from \"/Applications/MAMP/htdocs/test_symfony/test_symfony/config/routes/annotations.yaml\"). Make sure annotations are installed and enabled. at /Applications/MAMP/htdocs/test_symfony/test_symfony/vendor/symfony/config/Loader/FileLoader.php:166, Doctrine\\Common\\Annotations\\AnnotationException(code: 0): [Semantical Error] Couldn't find constant u, method App\\Controller\\HomepageController::usager(). at /Applications/MAMP/htdocs/test_symfony/test_symfony/vendor/doctrine/annotations/lib/Doctrine/Common/Annotations/AnnotationException.php:54)"} []
[2019-02-07 09:15:23] php.CRITICAL: Uncaught Exception: An exception has been thrown during the rendering of a template ("[Semantical Error] Couldn't find constant u, method App\Controller\HomepageController::usager() in /Applications/MAMP/htdocs/test_symfony/test_symfony/config/routes/../../src/Controller/ (which is being imported from "/Applications/MAMP/htdocs/test_symfony/test_symfony/config/routes/annotations.yaml"). Make sure annotations are installed and enabled."). {"exception":"[object] (Twig_Error_Runtime(code: 0): An exception has been thrown during the rendering of a template (\"[Semantical Error] Couldn't find constant u, method App\\Controller\\HomepageController::usager() in /Applications/MAMP/htdocs/test_symfony/test_symfony/config/routes/../../src/Controller/ (which is being imported from \"/Applications/MAMP/htdocs/test_symfony/test_symfony/config/routes/annotations.yaml\"). Make sure annotations are installed and enabled.\"). at /Applications/MAMP/htdocs/test_symfony/test_symfony/vendor/symfony/twig-bundle/Resources/views/Exception/trace.html.twig:13, Symfony\\Component\\Config\\Exception\\LoaderLoadException(code: 0): [Semantical Error] Couldn't find constant u, method App\\Controller\\HomepageController::usager() in /Applications/MAMP/htdocs/test_symfony/test_symfony/config/routes/../../src/Controller/ (which is being imported from \"/Applications/MAMP/htdocs/test_symfony/test_symfony/config/routes/annotations.yaml\"). Make sure annotations are installed and enabled. at /Applications/MAMP/htdocs/test_symfony/test_symfony/vendor/symfony/config/Loader/FileLoader.php:166, Doctrine\\Common\\Annotations\\AnnotationException(code: 0): [Semantical Error] Couldn't find constant u, method App\\Controller\\HomepageController::usager(). at /Applications/MAMP/htdocs/test_symfony/test_symfony/vendor/doctrine/annotations/lib/Doctrine/Common/Annotations/AnnotationException.php:54, Symfony\\Component\\Config\\Exception\\LoaderLoadException(code: 0): [Semantical Error] Couldn't find constant u, method App\\Controller\\HomepageController::usager() in /Applications/MAMP/htdocs/test_symfony/test_symfony/config/routes/../../src/Controller/ (which is being imported from \"/Applications/MAMP/htdocs/test_symfony/test_symfony/config/routes/annotations.yaml\"). Make sure annotations are installed and enabled. at /Applications/MAMP/htdocs/test_symfony/test_symfony/vendor/symfony/config/Loader/FileLoader.php:166, Doctrine\\Common\\Annotations\\AnnotationException(code: 0): [Semantical Error] Couldn't find constant u, method App\\Controller\\HomepageController::usager(). at /Applications/MAMP/htdocs/test_symfony/test_symfony/vendor/doctrine/annotations/lib/Doctrine/Common/Annotations/AnnotationException.php:54)"} []
[2019-02-07 09:15:23] request.CRITICAL: Uncaught PHP Exception Twig_Error_Runtime: "An exception has been thrown during the rendering of a template ("[Semantical Error] Couldn't find constant u, method App\Controller\HomepageController::usager() in /Applications/MAMP/htdocs/test_symfony/test_symfony/config/routes/../../src/Controller/ (which is being imported from "/Applications/MAMP/htdocs/test_symfony/test_symfony/config/routes/annotations.yaml"). Make sure annotations are installed and enabled.")." at /Applications/MAMP/htdocs/test_symfony/test_symfony/vendor/symfony/twig-bundle/Resources/views/Exception/trace.html.twig line 13 {"exception":"[object] (Twig_Error_Runtime(code: 0): An exception has been thrown during the rendering of a template (\"[Semantical Error] Couldn't find constant u, method App\\Controller\\HomepageController::usager() in /Applications/MAMP/htdocs/test_symfony/test_symfony/config/routes/../../src/Controller/ (which is being imported from \"/Applications/MAMP/htdocs/test_symfony/test_symfony/config/routes/annotations.yaml\"). Make sure annotations are installed and enabled.\"). at /Applications/MAMP/htdocs/test_symfony/test_symfony/vendor/symfony/twig-bundle/Resources/views/Exception/trace.html.twig:13, Symfony\\Component\\Config\\Exception\\LoaderLoadException(code: 0): [Semantical Error] Couldn't find constant u, method App\\Controller\\HomepageController::usager() in /Applications/MAMP/htdocs/test_symfony/test_symfony/config/routes/../../src/Controller/ (which is being imported from \"/Applications/MAMP/htdocs/test_symfony/test_symfony/config/routes/annotations.yaml\"). Make sure annotations are installed and enabled. at /Applications/MAMP/htdocs/test_symfony/test_symfony/vendor/symfony/config/Loader/FileLoader.php:166, Doctrine\\Common\\Annotations\\AnnotationException(code: 0): [Semantical Error] Couldn't find constant u, method App\\Controller\\HomepageController::usager(). at /Applications/MAMP/htdocs/test_symfony/test_symfony/vendor/doctrine/annotations/lib/Doctrine/Common/Annotations/AnnotationException.php:54, Symfony\\Component\\Config\\Exception\\LoaderLoadException(code: 0): [Semantical Error] Couldn't find constant u, method App\\Controller\\HomepageController::usager() in /Applications/MAMP/htdocs/test_symfony/test_symfony/config/routes/../../src/Controller/ (which is being imported from \"/Applications/MAMP/htdocs/test_symfony/test_symfony/config/routes/annotations.yaml\"). Make sure annotations are installed and enabled. at /Applications/MAMP/htdocs/test_symfony/test_symfony/vendor/symfony/config/Loader/FileLoader.php:166, Doctrine\\Common\\Annotations\\AnnotationException(code: 0): [Semantical Error] Couldn't find constant u, method App\\Controller\\HomepageController::usager(). at /Applications/MAMP/htdocs/test_symfony/test_symfony/vendor/doctrine/annotations/lib/Doctrine/Common/Annotations/AnnotationException.php:54)"} []
[2019-02-07 09:15:23] request.CRITICAL: Exception thrown when handling an exception (Twig_Error_Runtime: An exception has been thrown during the rendering of a template ("[Semantical Error] Couldn't find constant u, method App\Controller\HomepageController::usager() in /Applications/MAMP/htdocs/test_symfony/test_symfony/config/routes/../../src/Controller/ (which is being imported from "/Applications/MAMP/htdocs/test_symfony/test_symfony/config/routes/annotations.yaml"). Make sure annotations are installed and enabled."). at /Applications/MAMP/htdocs/test_symfony/test_symfony/vendor/symfony/twig-bundle/Resources/views/Exception/trace.html.twig line 13) {"exception":"[object] (Twig_Error_Runtime(code: 0): An exception has been thrown during the rendering of a template (\"[Semantical Error] Couldn't find constant u, method App\\Controller\\HomepageController::usager() in /Applications/MAMP/htdocs/test_symfony/test_symfony/config/routes/../../src/Controller/ (which is being imported from \"/Applications/MAMP/htdocs/test_symfony/test_symfony/config/routes/annotations.yaml\"). Make sure annotations are installed and enabled.\"). at /Applications/MAMP/htdocs/test_symfony/test_symfony/vendor/symfony/twig-bundle/Resources/views/Exception/trace.html.twig:13, Symfony\\Component\\Config\\Exception\\LoaderLoadException(code: 0): [Semantical Error] Couldn't find constant u, method App\\Controller\\HomepageController::usager() in /Applications/MAMP/htdocs/test_symfony/test_symfony/config/routes/../../src/Controller/ (which is being imported from \"/Applications/MAMP/htdocs/test_symfony/test_symfony/config/routes/annotations.yaml\"). Make sure annotations are installed and enabled. at /Applications/MAMP/htdocs/test_symfony/test_symfony/vendor/symfony/config/Loader/FileLoader.php:166, Doctrine\\Common\\Annotations\\AnnotationException(code: 0): [Semantical Error] Couldn't find constant u, method App\\Controller\\HomepageController::usager(). at /Applications/MAMP/htdocs/test_symfony/test_symfony/vendor/doctrine/annotations/lib/Doctrine/Common/Annotations/AnnotationException.php:54)"} []
[2019-02-07 09:15:24] request.CRITICAL: Uncaught PHP Exception Symfony\Component\Config\Exception\LoaderLoadException: "[Semantical Error] Couldn't find constant u, method App\Controller\HomepageController::usager() in /Applications/MAMP/htdocs/test_symfony/test_symfony/config/routes/../../src/Controller/ (which is being imported from "/Applications/MAMP/htdocs/test_symfony/test_symfony/config/routes/annotations.yaml"). Make sure annotations are installed and enabled." at /Applications/MAMP/htdocs/test_symfony/test_symfony/vendor/symfony/config/Loader/FileLoader.php line 166 {"exception":"[object] (Symfony\\Component\\Config\\Exception\\LoaderLoadException(code: 0): [Semantical Error] Couldn't find constant u, method App\\Controller\\HomepageController::usager() in /Applications/MAMP/htdocs/test_symfony/test_symfony/config/routes/../../src/Controller/ (which is being imported from \"/Applications/MAMP/htdocs/test_symfony/test_symfony/config/routes/annotations.yaml\"). Make sure annotations are installed and enabled. at /Applications/MAMP/htdocs/test_symfony/test_symfony/vendor/symfony/config/Loader/FileLoader.php:166, Doctrine\\Common\\Annotations\\AnnotationException(code: 0): [Semantical Error] Couldn't find constant u, method App\\Controller\\HomepageController::usager(). at /Applications/MAMP/htdocs/test_symfony/test_symfony/vendor/doctrine/annotations/lib/Doctrine/Common/Annotations/AnnotationException.php:54)"} []
[2019-02-07 09:15:24] request.CRITICAL: Exception thrown when handling an exception (Twig_Error_Runtime: An exception has been thrown during the rendering of a template ("[Semantical Error] Couldn't find constant u, method App\Controller\HomepageController::usager() in /Applications/MAMP/htdocs/test_symfony/test_symfony/config/routes/../../src/Controller/ (which is being imported from "/Applications/MAMP/htdocs/test_symfony/test_symfony/config/routes/annotations.yaml"). Make sure annotations are installed and enabled."). at /Applications/MAMP/htdocs/test_symfony/test_symfony/vendor/symfony/twig-bundle/Resources/views/Exception/trace.html.twig line 13) {"exception":"[object] (Twig_Error_Runtime(code: 0): An exception has been thrown during the rendering of a template (\"[Semantical Error] Couldn't find constant u, method App\\Controller\\HomepageController::usager() in /Applications/MAMP/htdocs/test_symfony/test_symfony/config/routes/../../src/Controller/ (which is being imported from \"/Applications/MAMP/htdocs/test_symfony/test_symfony/config/routes/annotations.yaml\"). Make sure annotations are installed and enabled.\"). at /Applications/MAMP/htdocs/test_symfony/test_symfony/vendor/symfony/twig-bundle/Resources/views/Exception/trace.html.twig:13, Symfony\\Component\\Config\\Exception\\LoaderLoadException(code: 0): [Semantical Error] Couldn't find constant u, method App\\Controller\\HomepageController::usager() in /Applications/MAMP/htdocs/test_symfony/test_symfony/config/routes/../../src/Controller/ (which is being imported from \"/Applications/MAMP/htdocs/test_symfony/test_symfony/config/routes/annotations.yaml\"). Make sure annotations are installed and enabled. at /Applications/MAMP/htdocs/test_symfony/test_symfony/vendor/symfony/config/Loader/FileLoader.php:166, Doctrine\\Common\\Annotations\\AnnotationException(code: 0): [Semantical Error] Couldn't find constant u, method App\\Controller\\HomepageController::usager(). at /Applications/MAMP/htdocs/test_symfony/test_symfony/vendor/doctrine/annotations/lib/Doctrine/Common/Annotations/AnnotationException.php:54)"} []
[2019-02-07 09:15:24] php.CRITICAL: Uncaught Exception: An exception has been thrown during the rendering of a template ("[Semantical Error] Couldn't find constant u, method App\Controller\HomepageController::usager() in /Applications/MAMP/htdocs/test_symfony/test_symfony/config/routes/../../src/Controller/ (which is being imported from "/Applications/MAMP/htdocs/test_symfony/test_symfony/config/routes/annotations.yaml"). Make sure annotations are installed and enabled."). {"exception":"[object] (Twig_Error_Runtime(code: 0): An exception has been thrown during the rendering of a template (\"[Semantical Error] Couldn't find constant u, method App\\Controller\\HomepageController::usager() in /Applications/MAMP/htdocs/test_symfony/test_symfony/config/routes/../../src/Controller/ (which is being imported from \"/Applications/MAMP/htdocs/test_symfony/test_symfony/config/routes/annotations.yaml\"). Make sure annotations are installed and enabled.\"). at /Applications/MAMP/htdocs/test_symfony/test_symfony/vendor/symfony/twig-bundle/Resources/views/Exception/trace.html.twig:13, Symfony\\Component\\Config\\Exception\\LoaderLoadException(code: 0): [Semantical Error] Couldn't find constant u, method App\\Controller\\HomepageController::usager() in /Applications/MAMP/htdocs/test_symfony/test_symfony/config/routes/../../src/Controller/ (which is being imported from \"/Applications/MAMP/htdocs/test_symfony/test_symfony/config/routes/annotations.yaml\"). Make sure annotations are installed and enabled. at /Applications/MAMP/htdocs/test_symfony/test_symfony/vendor/symfony/config/Loader/FileLoader.php:166, Doctrine\\Common\\Annotations\\AnnotationException(code: 0): [Semantical Error] Couldn't find constant u, method App\\Controller\\HomepageController::usager(). at /Applications/MAMP/htdocs/test_symfony/test_symfony/vendor/doctrine/annotations/lib/Doctrine/Common/Annotations/AnnotationException.php:54, Symfony\\Component\\Config\\Exception\\LoaderLoadException(code: 0): [Semantical Error] Couldn't find constant u, method App\\Controller\\HomepageController::usager() in /Applications/MAMP/htdocs/test_symfony/test_symfony/config/routes/../../src/Controller/ (which is being imported from \"/Applications/MAMP/htdocs/test_symfony/test_symfony/config/routes/annotations.yaml\"). Make sure annotations are installed and enabled. at /Applications/MAMP/htdocs/test_symfony/test_symfony/vendor/symfony/config/Loader/FileLoader.php:166, Doctrine\\Common\\Annotations\\AnnotationException(code: 0): [Semantical Error] Couldn't find constant u, method App\\Controller\\HomepageController::usager(). at /Applications/MAMP/htdocs/test_symfony/test_symfony/vendor/doctrine/annotations/lib/Doctrine/Common/Annotations/AnnotationException.php:54)"} []
[2019-02-07 09:15:24] request.CRITICAL: Uncaught PHP Exception Twig_Error_Runtime: "An exception has been thrown during the rendering of a template ("[Semantical Error] Couldn't find constant u, method App\Controller\HomepageController::usager() in /Applications/MAMP/htdocs/test_symfony/test_symfony/config/routes/../../src/Controller/ (which is being imported from "/Applications/MAMP/htdocs/test_symfony/test_symfony/config/routes/annotations.yaml"). Make sure annotations are installed and enabled.")." at /Applications/MAMP/htdocs/test_symfony/test_symfony/vendor/symfony/twig-bundle/Resources/views/Exception/trace.html.twig line 13 {"exception":"[object] (Twig_Error_Runtime(code: 0): An exception has been thrown during the rendering of a template (\"[Semantical Error] Couldn't find constant u, method App\\Controller\\HomepageController::usager() in /Applications/MAMP/htdocs/test_symfony/test_symfony/config/routes/../../src/Controller/ (which is being imported from \"/Applications/MAMP/htdocs/test_symfony/test_symfony/config/routes/annotations.yaml\"). Make sure annotations are installed and enabled.\"). at /Applications/MAMP/htdocs/test_symfony/test_symfony/vendor/symfony/twig-bundle/Resources/views/Exception/trace.html.twig:13, Symfony\\Component\\Config\\Exception\\LoaderLoadException(code: 0): [Semantical Error] Couldn't find constant u, method App\\Controller\\HomepageController::usager() in /Applications/MAMP/htdocs/test_symfony/test_symfony/config/routes/../../src/Controller/ (which is being imported from \"/Applications/MAMP/htdocs/test_symfony/test_symfony/config/routes/annotations.yaml\"). Make sure annotations are installed and enabled. at /Applications/MAMP/htdocs/test_symfony/test_symfony/vendor/symfony/config/Loader/FileLoader.php:166, Doctrine\\Common\\Annotations\\AnnotationException(code: 0): [Semantical Error] Couldn't find constant u, method App\\Controller\\HomepageController::usager(). at /Applications/MAMP/htdocs/test_symfony/test_symfony/vendor/doctrine/annotations/lib/Doctrine/Common/Annotations/AnnotationException.php:54, Symfony\\Component\\Config\\Exception\\LoaderLoadException(code: 0): [Semantical Error] Couldn't find constant u, method App\\Controller\\HomepageController::usager() in /Applications/MAMP/htdocs/test_symfony/test_symfony/config/routes/../../src/Controller/ (which is being imported from \"/Applications/MAMP/htdocs/test_symfony/test_symfony/config/routes/annotations.yaml\"). Make sure annotations are installed and enabled. at /Applications/MAMP/htdocs/test_symfony/test_symfony/vendor/symfony/config/Loader/FileLoader.php:166, Doctrine\\Common\\Annotations\\AnnotationException(code: 0): [Semantical Error] Couldn't find constant u, method App\\Controller\\HomepageController::usager(). at /Applications/MAMP/htdocs/test_symfony/test_symfony/vendor/doctrine/annotations/lib/Doctrine/Common/Annotations/AnnotationException.php:54)"} []
[2019-02-07 09:15:24] request.CRITICAL: Exception thrown when handling an exception (Twig_Error_Runtime: An exception has been thrown during the rendering of a template ("[Semantical Error] Couldn't find constant u, method App\Controller\HomepageController::usager() in /Applications/MAMP/htdocs/test_symfony/test_symfony/config/routes/../../src/Controller/ (which is being imported from "/Applications/MAMP/htdocs/test_symfony/test_symfony/config/routes/annotations.yaml"). Make sure annotations are installed and enabled."). at /Applications/MAMP/htdocs/test_symfony/test_symfony/vendor/symfony/twig-bundle/Resources/views/Exception/trace.html.twig line 13) {"exception":"[object] (Twig_Error_Runtime(code: 0): An exception has been thrown during the rendering of a template (\"[Semantical Error] Couldn't find constant u, method App\\Controller\\HomepageController::usager() in /Applications/MAMP/htdocs/test_symfony/test_symfony/config/routes/../../src/Controller/ (which is being imported from \"/Applications/MAMP/htdocs/test_symfony/test_symfony/config/routes/annotations.yaml\"). Make sure annotations are installed and enabled.\"). at /Applications/MAMP/htdocs/test_symfony/test_symfony/vendor/symfony/twig-bundle/Resources/views/Exception/trace.html.twig:13, Symfony\\Component\\Config\\Exception\\LoaderLoadException(code: 0): [Semantical Error] Couldn't find constant u, method App\\Controller\\HomepageController::usager() in /Applications/MAMP/htdocs/test_symfony/test_symfony/config/routes/../../src/Controller/ (which is being imported from \"/Applications/MAMP/htdocs/test_symfony/test_symfony/config/routes/annotations.yaml\"). Make sure annotations are installed and enabled. at /Applications/MAMP/htdocs/test_symfony/test_symfony/vendor/symfony/config/Loader/FileLoader.php:166, Doctrine\\Common\\Annotations\\AnnotationException(code: 0): [Semantical Error] Couldn't find constant u, method App\\Controller\\HomepageController::usager(). at /Applications/MAMP/htdocs/test_symfony/test_symfony/vendor/doctrine/annotations/lib/Doctrine/Common/Annotations/AnnotationException.php:54)"} []
[2019-02-07 09:16:38] request.CRITICAL: Uncaught PHP Exception Symfony\Component\Config\Exception\LoaderLoadException: "[Semantical Error] Couldn't find constant u, method App\Controller\HomepageController::usager() in /Applications/MAMP/htdocs/test_symfony/test_symfony/config/routes/../../src/Controller/ (which is being imported from "/Applications/MAMP/htdocs/test_symfony/test_symfony/config/routes/annotations.yaml"). Make sure annotations are installed and enabled." at /Applications/MAMP/htdocs/test_symfony/test_symfony/vendor/symfony/config/Loader/FileLoader.php line 166 {"exception":"[object] (Symfony\\Component\\Config\\Exception\\LoaderLoadException(code: 0): [Semantical Error] Couldn't find constant u, method App\\Controller\\HomepageController::usager() in /Applications/MAMP/htdocs/test_symfony/test_symfony/config/routes/../../src/Controller/ (which is being imported from \"/Applications/MAMP/htdocs/test_symfony/test_symfony/config/routes/annotations.yaml\"). Make sure annotations are installed and enabled. at /Applications/MAMP/htdocs/test_symfony/test_symfony/vendor/symfony/config/Loader/FileLoader.php:166, Doctrine\\Common\\Annotations\\AnnotationException(code: 0): [Semantical Error] Couldn't find constant u, method App\\Controller\\HomepageController::usager(). at /Applications/MAMP/htdocs/test_symfony/test_symfony/vendor/doctrine/annotations/lib/Doctrine/Common/Annotations/AnnotationException.php:54)"} []
[2019-02-07 09:16:38] request.CRITICAL: Exception thrown when handling an exception (Twig_Error_Runtime: An exception has been thrown during the rendering of a template ("[Semantical Error] Couldn't find constant u, method App\Controller\HomepageController::usager() in /Applications/MAMP/htdocs/test_symfony/test_symfony/config/routes/../../src/Controller/ (which is being imported from "/Applications/MAMP/htdocs/test_symfony/test_symfony/config/routes/annotations.yaml"). Make sure annotations are installed and enabled."). at /Applications/MAMP/htdocs/test_symfony/test_symfony/vendor/symfony/twig-bundle/Resources/views/Exception/trace.html.twig line 13) {"exception":"[object] (Twig_Error_Runtime(code: 0): An exception has been thrown during the rendering of a template (\"[Semantical Error] Couldn't find constant u, method App\\Controller\\HomepageController::usager() in /Applications/MAMP/htdocs/test_symfony/test_symfony/config/routes/../../src/Controller/ (which is being imported from \"/Applications/MAMP/htdocs/test_symfony/test_symfony/config/routes/annotations.yaml\"). Make sure annotations are installed and enabled.\"). at /Applications/MAMP/htdocs/test_symfony/test_symfony/vendor/symfony/twig-bundle/Resources/views/Exception/trace.html.twig:13, Symfony\\Component\\Config\\Exception\\LoaderLoadException(code: 0): [Semantical Error] Couldn't find constant u, method App\\Controller\\HomepageController::usager() in /Applications/MAMP/htdocs/test_symfony/test_symfony/config/routes/../../src/Controller/ (which is being imported from \"/Applications/MAMP/htdocs/test_symfony/test_symfony/config/routes/annotations.yaml\"). Make sure annotations are installed and enabled. at /Applications/MAMP/htdocs/test_symfony/test_symfony/vendor/symfony/config/Loader/FileLoader.php:166, Doctrine\\Common\\Annotations\\AnnotationException(code: 0): [Semantical Error] Couldn't find constant u, method App\\Controller\\HomepageController::usager(). at /Applications/MAMP/htdocs/test_symfony/test_symfony/vendor/doctrine/annotations/lib/Doctrine/Common/Annotations/AnnotationException.php:54)"} []
[2019-02-07 09:16:38] php.CRITICAL: Uncaught Exception: An exception has been thrown during the rendering of a template ("[Semantical Error] Couldn't find constant u, method App\Controller\HomepageController::usager() in /Applications/MAMP/htdocs/test_symfony/test_symfony/config/routes/../../src/Controller/ (which is being imported from "/Applications/MAMP/htdocs/test_symfony/test_symfony/config/routes/annotations.yaml"). Make sure annotations are installed and enabled."). {"exception":"[object] (Twig_Error_Runtime(code: 0): An exception has been thrown during the rendering of a template (\"[Semantical Error] Couldn't find constant u, method App\\Controller\\HomepageController::usager() in /Applications/MAMP/htdocs/test_symfony/test_symfony/config/routes/../../src/Controller/ (which is being imported from \"/Applications/MAMP/htdocs/test_symfony/test_symfony/config/routes/annotations.yaml\"). Make sure annotations are installed and enabled.\"). at /Applications/MAMP/htdocs/test_symfony/test_symfony/vendor/symfony/twig-bundle/Resources/views/Exception/trace.html.twig:13, Symfony\\Component\\Config\\Exception\\LoaderLoadException(code: 0): [Semantical Error] Couldn't find constant u, method App\\Controller\\HomepageController::usager() in /Applications/MAMP/htdocs/test_symfony/test_symfony/config/routes/../../src/Controller/ (which is being imported from \"/Applications/MAMP/htdocs/test_symfony/test_symfony/config/routes/annotations.yaml\"). Make sure annotations are installed and enabled. at /Applications/MAMP/htdocs/test_symfony/test_symfony/vendor/symfony/config/Loader/FileLoader.php:166, Doctrine\\Common\\Annotations\\AnnotationException(code: 0): [Semantical Error] Couldn't find constant u, method App\\Controller\\HomepageController::usager(). at /Applications/MAMP/htdocs/test_symfony/test_symfony/vendor/doctrine/annotations/lib/Doctrine/Common/Annotations/AnnotationException.php:54, Symfony\\Component\\Config\\Exception\\LoaderLoadException(code: 0): [Semantical Error] Couldn't find constant u, method App\\Controller\\HomepageController::usager() in /Applications/MAMP/htdocs/test_symfony/test_symfony/config/routes/../../src/Controller/ (which is being imported from \"/Applications/MAMP/htdocs/test_symfony/test_symfony/config/routes/annotations.yaml\"). Make sure annotations are installed and enabled. at /Applications/MAMP/htdocs/test_symfony/test_symfony/vendor/symfony/config/Loader/FileLoader.php:166, Doctrine\\Common\\Annotations\\AnnotationException(code: 0): [Semantical Error] Couldn't find constant u, method App\\Controller\\HomepageController::usager(). at /Applications/MAMP/htdocs/test_symfony/test_symfony/vendor/doctrine/annotations/lib/Doctrine/Common/Annotations/AnnotationException.php:54)"} []
[2019-02-07 09:16:38] request.CRITICAL: Uncaught PHP Exception Twig_Error_Runtime: "An exception has been thrown during the rendering of a template ("[Semantical Error] Couldn't find constant u, method App\Controller\HomepageController::usager() in /Applications/MAMP/htdocs/test_symfony/test_symfony/config/routes/../../src/Controller/ (which is being imported from "/Applications/MAMP/htdocs/test_symfony/test_symfony/config/routes/annotations.yaml"). Make sure annotations are installed and enabled.")." at /Applications/MAMP/htdocs/test_symfony/test_symfony/vendor/symfony/twig-bundle/Resources/views/Exception/trace.html.twig line 13 {"exception":"[object] (Twig_Error_Runtime(code: 0): An exception has been thrown during the rendering of a template (\"[Semantical Error] Couldn't find constant u, method App\\Controller\\HomepageController::usager() in /Applications/MAMP/htdocs/test_symfony/test_symfony/config/routes/../../src/Controller/ (which is being imported from \"/Applications/MAMP/htdocs/test_symfony/test_symfony/config/routes/annotations.yaml\"). Make sure annotations are installed and enabled.\"). at /Applications/MAMP/htdocs/test_symfony/test_symfony/vendor/symfony/twig-bundle/Resources/views/Exception/trace.html.twig:13, Symfony\\Component\\Config\\Exception\\LoaderLoadException(code: 0): [Semantical Error] Couldn't find constant u, method App\\Controller\\HomepageController::usager() in /Applications/MAMP/htdocs/test_symfony/test_symfony/config/routes/../../src/Controller/ (which is being imported from \"/Applications/MAMP/htdocs/test_symfony/test_symfony/config/routes/annotations.yaml\"). Make sure annotations are installed and enabled. at /Applications/MAMP/htdocs/test_symfony/test_symfony/vendor/symfony/config/Loader/FileLoader.php:166, Doctrine\\Common\\Annotations\\AnnotationException(code: 0): [Semantical Error] Couldn't find constant u, method App\\Controller\\HomepageController::usager(). at /Applications/MAMP/htdocs/test_symfony/test_symfony/vendor/doctrine/annotations/lib/Doctrine/Common/Annotations/AnnotationException.php:54, Symfony\\Component\\Config\\Exception\\LoaderLoadException(code: 0): [Semantical Error] Couldn't find constant u, method App\\Controller\\HomepageController::usager() in /Applications/MAMP/htdocs/test_symfony/test_symfony/config/routes/../../src/Controller/ (which is being imported from \"/Applications/MAMP/htdocs/test_symfony/test_symfony/config/routes/annotations.yaml\"). Make sure annotations are installed and enabled. at /Applications/MAMP/htdocs/test_symfony/test_symfony/vendor/symfony/config/Loader/FileLoader.php:166, Doctrine\\Common\\Annotations\\AnnotationException(code: 0): [Semantical Error] Couldn't find constant u, method App\\Controller\\HomepageController::usager(). at /Applications/MAMP/htdocs/test_symfony/test_symfony/vendor/doctrine/annotations/lib/Doctrine/Common/Annotations/AnnotationException.php:54)"} []
[2019-02-07 09:16:38] request.CRITICAL: Exception thrown when handling an exception (Twig_Error_Runtime: An exception has been thrown during the rendering of a template ("[Semantical Error] Couldn't find constant u, method App\Controller\HomepageController::usager() in /Applications/MAMP/htdocs/test_symfony/test_symfony/config/routes/../../src/Controller/ (which is being imported from "/Applications/MAMP/htdocs/test_symfony/test_symfony/config/routes/annotations.yaml"). Make sure annotations are installed and enabled."). at /Applications/MAMP/htdocs/test_symfony/test_symfony/vendor/symfony/twig-bundle/Resources/views/Exception/trace.html.twig line 13) {"exception":"[object] (Twig_Error_Runtime(code: 0): An exception has been thrown during the rendering of a template (\"[Semantical Error] Couldn't find constant u, method App\\Controller\\HomepageController::usager() in /Applications/MAMP/htdocs/test_symfony/test_symfony/config/routes/../../src/Controller/ (which is being imported from \"/Applications/MAMP/htdocs/test_symfony/test_symfony/config/routes/annotations.yaml\"). Make sure annotations are installed and enabled.\"). at /Applications/MAMP/htdocs/test_symfony/test_symfony/vendor/symfony/twig-bundle/Resources/views/Exception/trace.html.twig:13, Symfony\\Component\\Config\\Exception\\LoaderLoadException(code: 0): [Semantical Error] Couldn't find constant u, method App\\Controller\\HomepageController::usager() in /Applications/MAMP/htdocs/test_symfony/test_symfony/config/routes/../../src/Controller/ (which is being imported from \"/Applications/MAMP/htdocs/test_symfony/test_symfony/config/routes/annotations.yaml\"). Make sure annotations are installed and enabled. at /Applications/MAMP/htdocs/test_symfony/test_symfony/vendor/symfony/config/Loader/FileLoader.php:166, Doctrine\\Common\\Annotations\\AnnotationException(code: 0): [Semantical Error] Couldn't find constant u, method App\\Controller\\HomepageController::usager(). at /Applications/MAMP/htdocs/test_symfony/test_symfony/vendor/doctrine/annotations/lib/Doctrine/Common/Annotations/AnnotationException.php:54)"} []
[2019-02-07 09:16:39] request.CRITICAL: Uncaught PHP Exception Symfony\Component\Config\Exception\LoaderLoadException: "[Semantical Error] Couldn't find constant u, method App\Controller\HomepageController::usager() in /Applications/MAMP/htdocs/test_symfony/test_symfony/config/routes/../../src/Controller/ (which is being imported from "/Applications/MAMP/htdocs/test_symfony/test_symfony/config/routes/annotations.yaml"). Make sure annotations are installed and enabled." at /Applications/MAMP/htdocs/test_symfony/test_symfony/vendor/symfony/config/Loader/FileLoader.php line 166 {"exception":"[object] (Symfony\\Component\\Config\\Exception\\LoaderLoadException(code: 0): [Semantical Error] Couldn't find constant u, method App\\Controller\\HomepageController::usager() in /Applications/MAMP/htdocs/test_symfony/test_symfony/config/routes/../../src/Controller/ (which is being imported from \"/Applications/MAMP/htdocs/test_symfony/test_symfony/config/routes/annotations.yaml\"). Make sure annotations are installed and enabled. at /Applications/MAMP/htdocs/test_symfony/test_symfony/vendor/symfony/config/Loader/FileLoader.php:166, Doctrine\\Common\\Annotations\\AnnotationException(code: 0): [Semantical Error] Couldn't find constant u, method App\\Controller\\HomepageController::usager(). at /Applications/MAMP/htdocs/test_symfony/test_symfony/vendor/doctrine/annotations/lib/Doctrine/Common/Annotations/AnnotationException.php:54)"} []
[2019-02-07 09:16:39] request.CRITICAL: Exception thrown when handling an exception (Twig_Error_Runtime: An exception has been thrown during the rendering of a template ("[Semantical Error] Couldn't find constant u, method App\Controller\HomepageController::usager() in /Applications/MAMP/htdocs/test_symfony/test_symfony/config/routes/../../src/Controller/ (which is being imported from "/Applications/MAMP/htdocs/test_symfony/test_symfony/config/routes/annotations.yaml"). Make sure annotations are installed and enabled."). at /Applications/MAMP/htdocs/test_symfony/test_symfony/vendor/symfony/twig-bundle/Resources/views/Exception/trace.html.twig line 13) {"exception":"[object] (Twig_Error_Runtime(code: 0): An exception has been thrown during the rendering of a template (\"[Semantical Error] Couldn't find constant u, method App\\Controller\\HomepageController::usager() in /Applications/MAMP/htdocs/test_symfony/test_symfony/config/routes/../../src/Controller/ (which is being imported from \"/Applications/MAMP/htdocs/test_symfony/test_symfony/config/routes/annotations.yaml\"). Make sure annotations are installed and enabled.\"). at /Applications/MAMP/htdocs/test_symfony/test_symfony/vendor/symfony/twig-bundle/Resources/views/Exception/trace.html.twig:13, Symfony\\Component\\Config\\Exception\\LoaderLoadException(code: 0): [Semantical Error] Couldn't find constant u, method App\\Controller\\HomepageController::usager() in /Applications/MAMP/htdocs/test_symfony/test_symfony/config/routes/../../src/Controller/ (which is being imported from \"/Applications/MAMP/htdocs/test_symfony/test_symfony/config/routes/annotations.yaml\"). Make sure annotations are installed and enabled. at /Applications/MAMP/htdocs/test_symfony/test_symfony/vendor/symfony/config/Loader/FileLoader.php:166, Doctrine\\Common\\Annotations\\AnnotationException(code: 0): [Semantical Error] Couldn't find constant u, method App\\Controller\\HomepageController::usager(). at /Applications/MAMP/htdocs/test_symfony/test_symfony/vendor/doctrine/annotations/lib/Doctrine/Common/Annotations/AnnotationException.php:54)"} []
[2019-02-07 09:16:39] php.CRITICAL: Uncaught Exception: An exception has been thrown during the rendering of a template ("[Semantical Error] Couldn't find constant u, method App\Controller\HomepageController::usager() in /Applications/MAMP/htdocs/test_symfony/test_symfony/config/routes/../../src/Controller/ (which is being imported from "/Applications/MAMP/htdocs/test_symfony/test_symfony/config/routes/annotations.yaml"). Make sure annotations are installed and enabled."). {"exception":"[object] (Twig_Error_Runtime(code: 0): An exception has been thrown during the rendering of a template (\"[Semantical Error] Couldn't find constant u, method App\\Controller\\HomepageController::usager() in /Applications/MAMP/htdocs/test_symfony/test_symfony/config/routes/../../src/Controller/ (which is being imported from \"/Applications/MAMP/htdocs/test_symfony/test_symfony/config/routes/annotations.yaml\"). Make sure annotations are installed and enabled.\"). at /Applications/MAMP/htdocs/test_symfony/test_symfony/vendor/symfony/twig-bundle/Resources/views/Exception/trace.html.twig:13, Symfony\\Component\\Config\\Exception\\LoaderLoadException(code: 0): [Semantical Error] Couldn't find constant u, method App\\Controller\\HomepageController::usager() in /Applications/MAMP/htdocs/test_symfony/test_symfony/config/routes/../../src/Controller/ (which is being imported from \"/Applications/MAMP/htdocs/test_symfony/test_symfony/config/routes/annotations.yaml\"). Make sure annotations are installed and enabled. at /Applications/MAMP/htdocs/test_symfony/test_symfony/vendor/symfony/config/Loader/FileLoader.php:166, Doctrine\\Common\\Annotations\\AnnotationException(code: 0): [Semantical Error] Couldn't find constant u, method App\\Controller\\HomepageController::usager(). at /Applications/MAMP/htdocs/test_symfony/test_symfony/vendor/doctrine/annotations/lib/Doctrine/Common/Annotations/AnnotationException.php:54, Symfony\\Component\\Config\\Exception\\LoaderLoadException(code: 0): [Semantical Error] Couldn't find constant u, method App\\Controller\\HomepageController::usager() in /Applications/MAMP/htdocs/test_symfony/test_symfony/config/routes/../../src/Controller/ (which is being imported from \"/Applications/MAMP/htdocs/test_symfony/test_symfony/config/routes/annotations.yaml\"). Make sure annotations are installed and enabled. at /Applications/MAMP/htdocs/test_symfony/test_symfony/vendor/symfony/config/Loader/FileLoader.php:166, Doctrine\\Common\\Annotations\\AnnotationException(code: 0): [Semantical Error] Couldn't find constant u, method App\\Controller\\HomepageController::usager(). at /Applications/MAMP/htdocs/test_symfony/test_symfony/vendor/doctrine/annotations/lib/Doctrine/Common/Annotations/AnnotationException.php:54)"} []
[2019-02-07 09:16:39] request.CRITICAL: Uncaught PHP Exception Twig_Error_Runtime: "An exception has been thrown during the rendering of a template ("[Semantical Error] Couldn't find constant u, method App\Controller\HomepageController::usager() in /Applications/MAMP/htdocs/test_symfony/test_symfony/config/routes/../../src/Controller/ (which is being imported from "/Applications/MAMP/htdocs/test_symfony/test_symfony/config/routes/annotations.yaml"). Make sure annotations are installed and enabled.")." at /Applications/MAMP/htdocs/test_symfony/test_symfony/vendor/symfony/twig-bundle/Resources/views/Exception/trace.html.twig line 13 {"exception":"[object] (Twig_Error_Runtime(code: 0): An exception has been thrown during the rendering of a template (\"[Semantical Error] Couldn't find constant u, method App\\Controller\\HomepageController::usager() in /Applications/MAMP/htdocs/test_symfony/test_symfony/config/routes/../../src/Controller/ (which is being imported from \"/Applications/MAMP/htdocs/test_symfony/test_symfony/config/routes/annotations.yaml\"). Make sure annotations are installed and enabled.\"). at /Applications/MAMP/htdocs/test_symfony/test_symfony/vendor/symfony/twig-bundle/Resources/views/Exception/trace.html.twig:13, Symfony\\Component\\Config\\Exception\\LoaderLoadException(code: 0): [Semantical Error] Couldn't find constant u, method App\\Controller\\HomepageController::usager() in /Applications/MAMP/htdocs/test_symfony/test_symfony/config/routes/../../src/Controller/ (which is being imported from \"/Applications/MAMP/htdocs/test_symfony/test_symfony/config/routes/annotations.yaml\"). Make sure annotations are installed and enabled. at /Applications/MAMP/htdocs/test_symfony/test_symfony/vendor/symfony/config/Loader/FileLoader.php:166, Doctrine\\Common\\Annotations\\AnnotationException(code: 0): [Semantical Error] Couldn't find constant u, method App\\Controller\\HomepageController::usager(). at /Applications/MAMP/htdocs/test_symfony/test_symfony/vendor/doctrine/annotations/lib/Doctrine/Common/Annotations/AnnotationException.php:54, Symfony\\Component\\Config\\Exception\\LoaderLoadException(code: 0): [Semantical Error] Couldn't find constant u, method App\\Controller\\HomepageController::usager() in /Applications/MAMP/htdocs/test_symfony/test_symfony/config/routes/../../src/Controller/ (which is being imported from \"/Applications/MAMP/htdocs/test_symfony/test_symfony/config/routes/annotations.yaml\"). Make sure annotations are installed and enabled. at /Applications/MAMP/htdocs/test_symfony/test_symfony/vendor/symfony/config/Loader/FileLoader.php:166, Doctrine\\Common\\Annotations\\AnnotationException(code: 0): [Semantical Error] Couldn't find constant u, method App\\Controller\\HomepageController::usager(). at /Applications/MAMP/htdocs/test_symfony/test_symfony/vendor/doctrine/annotations/lib/Doctrine/Common/Annotations/AnnotationException.php:54)"} []
[2019-02-07 09:16:39] request.CRITICAL: Exception thrown when handling an exception (Twig_Error_Runtime: An exception has been thrown during the rendering of a template ("[Semantical Error] Couldn't find constant u, method App\Controller\HomepageController::usager() in /Applications/MAMP/htdocs/test_symfony/test_symfony/config/routes/../../src/Controller/ (which is being imported from "/Applications/MAMP/htdocs/test_symfony/test_symfony/config/routes/annotations.yaml"). Make sure annotations are installed and enabled."). at /Applications/MAMP/htdocs/test_symfony/test_symfony/vendor/symfony/twig-bundle/Resources/views/Exception/trace.html.twig line 13) {"exception":"[object] (Twig_Error_Runtime(code: 0): An exception has been thrown during the rendering of a template (\"[Semantical Error] Couldn't find constant u, method App\\Controller\\HomepageController::usager() in /Applications/MAMP/htdocs/test_symfony/test_symfony/config/routes/../../src/Controller/ (which is being imported from \"/Applications/MAMP/htdocs/test_symfony/test_symfony/config/routes/annotations.yaml\"). Make sure annotations are installed and enabled.\"). at /Applications/MAMP/htdocs/test_symfony/test_symfony/vendor/symfony/twig-bundle/Resources/views/Exception/trace.html.twig:13, Symfony\\Component\\Config\\Exception\\LoaderLoadException(code: 0): [Semantical Error] Couldn't find constant u, method App\\Controller\\HomepageController::usager() in /Applications/MAMP/htdocs/test_symfony/test_symfony/config/routes/../../src/Controller/ (which is being imported from \"/Applications/MAMP/htdocs/test_symfony/test_symfony/config/routes/annotations.yaml\"). Make sure annotations are installed and enabled. at /Applications/MAMP/htdocs/test_symfony/test_symfony/vendor/symfony/config/Loader/FileLoader.php:166, Doctrine\\Common\\Annotations\\AnnotationException(code: 0): [Semantical Error] Couldn't find constant u, method App\\Controller\\HomepageController::usager(). at /Applications/MAMP/htdocs/test_symfony/test_symfony/vendor/doctrine/annotations/lib/Doctrine/Common/Annotations/AnnotationException.php:54)"} []
[2019-02-07 09:16:42] request.CRITICAL: Uncaught PHP Exception Symfony\Component\Config\Exception\LoaderLoadException: "[Semantical Error] Couldn't find constant u, method App\Controller\HomepageController::usager() in /Applications/MAMP/htdocs/test_symfony/test_symfony/config/routes/../../src/Controller/ (which is being imported from "/Applications/MAMP/htdocs/test_symfony/test_symfony/config/routes/annotations.yaml"). Make sure annotations are installed and enabled." at /Applications/MAMP/htdocs/test_symfony/test_symfony/vendor/symfony/config/Loader/FileLoader.php line 166 {"exception":"[object] (Symfony\\Component\\Config\\Exception\\LoaderLoadException(code: 0): [Semantical Error] Couldn't find constant u, method App\\Controller\\HomepageController::usager() in /Applications/MAMP/htdocs/test_symfony/test_symfony/config/routes/../../src/Controller/ (which is being imported from \"/Applications/MAMP/htdocs/test_symfony/test_symfony/config/routes/annotations.yaml\"). Make sure annotations are installed and enabled. at /Applications/MAMP/htdocs/test_symfony/test_symfony/vendor/symfony/config/Loader/FileLoader.php:166, Doctrine\\Common\\Annotations\\AnnotationException(code: 0): [Semantical Error] Couldn't find constant u, method App\\Controller\\HomepageController::usager(). at /Applications/MAMP/htdocs/test_symfony/test_symfony/vendor/doctrine/annotations/lib/Doctrine/Common/Annotations/AnnotationException.php:54)"} []
[2019-02-07 09:16:42] request.CRITICAL: Exception thrown when handling an exception (Twig_Error_Runtime: An exception has been thrown during the rendering of a template ("[Semantical Error] Couldn't find constant u, method App\Controller\HomepageController::usager() in /Applications/MAMP/htdocs/test_symfony/test_symfony/config/routes/../../src/Controller/ (which is being imported from "/Applications/MAMP/htdocs/test_symfony/test_symfony/config/routes/annotations.yaml"). Make sure annotations are installed and enabled."). at /Applications/MAMP/htdocs/test_symfony/test_symfony/vendor/symfony/twig-bundle/Resources/views/Exception/trace.html.twig line 13) {"exception":"[object] (Twig_Error_Runtime(code: 0): An exception has been thrown during the rendering of a template (\"[Semantical Error] Couldn't find constant u, method App\\Controller\\HomepageController::usager() in /Applications/MAMP/htdocs/test_symfony/test_symfony/config/routes/../../src/Controller/ (which is being imported from \"/Applications/MAMP/htdocs/test_symfony/test_symfony/config/routes/annotations.yaml\"). Make sure annotations are installed and enabled.\"). at /Applications/MAMP/htdocs/test_symfony/test_symfony/vendor/symfony/twig-bundle/Resources/views/Exception/trace.html.twig:13, Symfony\\Component\\Config\\Exception\\LoaderLoadException(code: 0): [Semantical Error] Couldn't find constant u, method App\\Controller\\HomepageController::usager() in /Applications/MAMP/htdocs/test_symfony/test_symfony/config/routes/../../src/Controller/ (which is being imported from \"/Applications/MAMP/htdocs/test_symfony/test_symfony/config/routes/annotations.yaml\"). Make sure annotations are installed and enabled. at /Applications/MAMP/htdocs/test_symfony/test_symfony/vendor/symfony/config/Loader/FileLoader.php:166, Doctrine\\Common\\Annotations\\AnnotationException(code: 0): [Semantical Error] Couldn't find constant u, method App\\Controller\\HomepageController::usager(). at /Applications/MAMP/htdocs/test_symfony/test_symfony/vendor/doctrine/annotations/lib/Doctrine/Common/Annotations/AnnotationException.php:54)"} []
[2019-02-07 09:16:42] php.CRITICAL: Uncaught Exception: An exception has been thrown during the rendering of a template ("[Semantical Error] Couldn't find constant u, method App\Controller\HomepageController::usager() in /Applications/MAMP/htdocs/test_symfony/test_symfony/config/routes/../../src/Controller/ (which is being imported from "/Applications/MAMP/htdocs/test_symfony/test_symfony/config/routes/annotations.yaml"). Make sure annotations are installed and enabled."). {"exception":"[object] (Twig_Error_Runtime(code: 0): An exception has been thrown during the rendering of a template (\"[Semantical Error] Couldn't find constant u, method App\\Controller\\HomepageController::usager() in /Applications/MAMP/htdocs/test_symfony/test_symfony/config/routes/../../src/Controller/ (which is being imported from \"/Applications/MAMP/htdocs/test_symfony/test_symfony/config/routes/annotations.yaml\"). Make sure annotations are installed and enabled.\"). at /Applications/MAMP/htdocs/test_symfony/test_symfony/vendor/symfony/twig-bundle/Resources/views/Exception/trace.html.twig:13, Symfony\\Component\\Config\\Exception\\LoaderLoadException(code: 0): [Semantical Error] Couldn't find constant u, method App\\Controller\\HomepageController::usager() in /Applications/MAMP/htdocs/test_symfony/test_symfony/config/routes/../../src/Controller/ (which is being imported from \"/Applications/MAMP/htdocs/test_symfony/test_symfony/config/routes/annotations.yaml\"). Make sure annotations are installed and enabled. at /Applications/MAMP/htdocs/test_symfony/test_symfony/vendor/symfony/config/Loader/FileLoader.php:166, Doctrine\\Common\\Annotations\\AnnotationException(code: 0): [Semantical Error] Couldn't find constant u, method App\\Controller\\HomepageController::usager(). at /Applications/MAMP/htdocs/test_symfony/test_symfony/vendor/doctrine/annotations/lib/Doctrine/Common/Annotations/AnnotationException.php:54, Symfony\\Component\\Config\\Exception\\LoaderLoadException(code: 0): [Semantical Error] Couldn't find constant u, method App\\Controller\\HomepageController::usager() in /Applications/MAMP/htdocs/test_symfony/test_symfony/config/routes/../../src/Controller/ (which is being imported from \"/Applications/MAMP/htdocs/test_symfony/test_symfony/config/routes/annotations.yaml\"). Make sure annotations are installed and enabled. at /Applications/MAMP/htdocs/test_symfony/test_symfony/vendor/symfony/config/Loader/FileLoader.php:166, Doctrine\\Common\\Annotations\\AnnotationException(code: 0): [Semantical Error] Couldn't find constant u, method App\\Controller\\HomepageController::usager(). at /Applications/MAMP/htdocs/test_symfony/test_symfony/vendor/doctrine/annotations/lib/Doctrine/Common/Annotations/AnnotationException.php:54)"} []
[2019-02-07 09:16:42] request.CRITICAL: Uncaught PHP Exception Twig_Error_Runtime: "An exception has been thrown during the rendering of a template ("[Semantical Error] Couldn't find constant u, method App\Controller\HomepageController::usager() in /Applications/MAMP/htdocs/test_symfony/test_symfony/config/routes/../../src/Controller/ (which is being imported from "/Applications/MAMP/htdocs/test_symfony/test_symfony/config/routes/annotations.yaml"). Make sure annotations are installed and enabled.")." at /Applications/MAMP/htdocs/test_symfony/test_symfony/vendor/symfony/twig-bundle/Resources/views/Exception/trace.html.twig line 13 {"exception":"[object] (Twig_Error_Runtime(code: 0): An exception has been thrown during the rendering of a template (\"[Semantical Error] Couldn't find constant u, method App\\Controller\\HomepageController::usager() in /Applications/MAMP/htdocs/test_symfony/test_symfony/config/routes/../../src/Controller/ (which is being imported from \"/Applications/MAMP/htdocs/test_symfony/test_symfony/config/routes/annotations.yaml\"). Make sure annotations are installed and enabled.\"). at /Applications/MAMP/htdocs/test_symfony/test_symfony/vendor/symfony/twig-bundle/Resources/views/Exception/trace.html.twig:13, Symfony\\Component\\Config\\Exception\\LoaderLoadException(code: 0): [Semantical Error] Couldn't find constant u, method App\\Controller\\HomepageController::usager() in /Applications/MAMP/htdocs/test_symfony/test_symfony/config/routes/../../src/Controller/ (which is being imported from \"/Applications/MAMP/htdocs/test_symfony/test_symfony/config/routes/annotations.yaml\"). Make sure annotations are installed and enabled. at /Applications/MAMP/htdocs/test_symfony/test_symfony/vendor/symfony/config/Loader/FileLoader.php:166, Doctrine\\Common\\Annotations\\AnnotationException(code: 0): [Semantical Error] Couldn't find constant u, method App\\Controller\\HomepageController::usager(). at /Applications/MAMP/htdocs/test_symfony/test_symfony/vendor/doctrine/annotations/lib/Doctrine/Common/Annotations/AnnotationException.php:54, Symfony\\Component\\Config\\Exception\\LoaderLoadException(code: 0): [Semantical Error] Couldn't find constant u, method App\\Controller\\HomepageController::usager() in /Applications/MAMP/htdocs/test_symfony/test_symfony/config/routes/../../src/Controller/ (which is being imported from \"/Applications/MAMP/htdocs/test_symfony/test_symfony/config/routes/annotations.yaml\"). Make sure annotations are installed and enabled. at /Applications/MAMP/htdocs/test_symfony/test_symfony/vendor/symfony/config/Loader/FileLoader.php:166, Doctrine\\Common\\Annotations\\AnnotationException(code: 0): [Semantical Error] Couldn't find constant u, method App\\Controller\\HomepageController::usager(). at /Applications/MAMP/htdocs/test_symfony/test_symfony/vendor/doctrine/annotations/lib/Doctrine/Common/Annotations/AnnotationException.php:54)"} []
[2019-02-07 09:16:42] request.CRITICAL: Exception thrown when handling an exception (Twig_Error_Runtime: An exception has been thrown during the rendering of a template ("[Semantical Error] Couldn't find constant u, method App\Controller\HomepageController::usager() in /Applications/MAMP/htdocs/test_symfony/test_symfony/config/routes/../../src/Controller/ (which is being imported from "/Applications/MAMP/htdocs/test_symfony/test_symfony/config/routes/annotations.yaml"). Make sure annotations are installed and enabled."). at /Applications/MAMP/htdocs/test_symfony/test_symfony/vendor/symfony/twig-bundle/Resources/views/Exception/trace.html.twig line 13) {"exception":"[object] (Twig_Error_Runtime(code: 0): An exception has been thrown during the rendering of a template (\"[Semantical Error] Couldn't find constant u, method App\\Controller\\HomepageController::usager() in /Applications/MAMP/htdocs/test_symfony/test_symfony/config/routes/../../src/Controller/ (which is being imported from \"/Applications/MAMP/htdocs/test_symfony/test_symfony/config/routes/annotations.yaml\"). Make sure annotations are installed and enabled.\"). at /Applications/MAMP/htdocs/test_symfony/test_symfony/vendor/symfony/twig-bundle/Resources/views/Exception/trace.html.twig:13, Symfony\\Component\\Config\\Exception\\LoaderLoadException(code: 0): [Semantical Error] Couldn't find constant u, method App\\Controller\\HomepageController::usager() in /Applications/MAMP/htdocs/test_symfony/test_symfony/config/routes/../../src/Controller/ (which is being imported from \"/Applications/MAMP/htdocs/test_symfony/test_symfony/config/routes/annotations.yaml\"). Make sure annotations are installed and enabled. at /Applications/MAMP/htdocs/test_symfony/test_symfony/vendor/symfony/config/Loader/FileLoader.php:166, Doctrine\\Common\\Annotations\\AnnotationException(code: 0): [Semantical Error] Couldn't find constant u, method App\\Controller\\HomepageController::usager(). at /Applications/MAMP/htdocs/test_symfony/test_symfony/vendor/doctrine/annotations/lib/Doctrine/Common/Annotations/AnnotationException.php:54)"} []
[2019-02-07 09:16:42] request.CRITICAL: Uncaught PHP Exception Symfony\Component\Config\Exception\LoaderLoadException: "[Semantical Error] Couldn't find constant u, method App\Controller\HomepageController::usager() in /Applications/MAMP/htdocs/test_symfony/test_symfony/config/routes/../../src/Controller/ (which is being imported from "/Applications/MAMP/htdocs/test_symfony/test_symfony/config/routes/annotations.yaml"). Make sure annotations are installed and enabled." at /Applications/MAMP/htdocs/test_symfony/test_symfony/vendor/symfony/config/Loader/FileLoader.php line 166 {"exception":"[object] (Symfony\\Component\\Config\\Exception\\LoaderLoadException(code: 0): [Semantical Error] Couldn't find constant u, method App\\Controller\\HomepageController::usager() in /Applications/MAMP/htdocs/test_symfony/test_symfony/config/routes/../../src/Controller/ (which is being imported from \"/Applications/MAMP/htdocs/test_symfony/test_symfony/config/routes/annotations.yaml\"). Make sure annotations are installed and enabled. at /Applications/MAMP/htdocs/test_symfony/test_symfony/vendor/symfony/config/Loader/FileLoader.php:166, Doctrine\\Common\\Annotations\\AnnotationException(code: 0): [Semantical Error] Couldn't find constant u, method App\\Controller\\HomepageController::usager(). at /Applications/MAMP/htdocs/test_symfony/test_symfony/vendor/doctrine/annotations/lib/Doctrine/Common/Annotations/AnnotationException.php:54)"} []
[2019-02-07 09:16:42] request.CRITICAL: Exception thrown when handling an exception (Twig_Error_Runtime: An exception has been thrown during the rendering of a template ("[Semantical Error] Couldn't find constant u, method App\Controller\HomepageController::usager() in /Applications/MAMP/htdocs/test_symfony/test_symfony/config/routes/../../src/Controller/ (which is being imported from "/Applications/MAMP/htdocs/test_symfony/test_symfony/config/routes/annotations.yaml"). Make sure annotations are installed and enabled."). at /Applications/MAMP/htdocs/test_symfony/test_symfony/vendor/symfony/twig-bundle/Resources/views/Exception/trace.html.twig line 13) {"exception":"[object] (Twig_Error_Runtime(code: 0): An exception has been thrown during the rendering of a template (\"[Semantical Error] Couldn't find constant u, method App\\Controller\\HomepageController::usager() in /Applications/MAMP/htdocs/test_symfony/test_symfony/config/routes/../../src/Controller/ (which is being imported from \"/Applications/MAMP/htdocs/test_symfony/test_symfony/config/routes/annotations.yaml\"). Make sure annotations are installed and enabled.\"). at /Applications/MAMP/htdocs/test_symfony/test_symfony/vendor/symfony/twig-bundle/Resources/views/Exception/trace.html.twig:13, Symfony\\Component\\Config\\Exception\\LoaderLoadException(code: 0): [Semantical Error] Couldn't find constant u, method App\\Controller\\HomepageController::usager() in /Applications/MAMP/htdocs/test_symfony/test_symfony/config/routes/../../src/Controller/ (which is being imported from \"/Applications/MAMP/htdocs/test_symfony/test_symfony/config/routes/annotations.yaml\"). Make sure annotations are installed and enabled. at /Applications/MAMP/htdocs/test_symfony/test_symfony/vendor/symfony/config/Loader/FileLoader.php:166, Doctrine\\Common\\Annotations\\AnnotationException(code: 0): [Semantical Error] Couldn't find constant u, method App\\Controller\\HomepageController::usager(). at /Applications/MAMP/htdocs/test_symfony/test_symfony/vendor/doctrine/annotations/lib/Doctrine/Common/Annotations/AnnotationException.php:54)"} []
[2019-02-07 09:16:42] php.CRITICAL: Uncaught Exception: An exception has been thrown during the rendering of a template ("[Semantical Error] Couldn't find constant u, method App\Controller\HomepageController::usager() in /Applications/MAMP/htdocs/test_symfony/test_symfony/config/routes/../../src/Controller/ (which is being imported from "/Applications/MAMP/htdocs/test_symfony/test_symfony/config/routes/annotations.yaml"). Make sure annotations are installed and enabled."). {"exception":"[object] (Twig_Error_Runtime(code: 0): An exception has been thrown during the rendering of a template (\"[Semantical Error] Couldn't find constant u, method App\\Controller\\HomepageController::usager() in /Applications/MAMP/htdocs/test_symfony/test_symfony/config/routes/../../src/Controller/ (which is being imported from \"/Applications/MAMP/htdocs/test_symfony/test_symfony/config/routes/annotations.yaml\"). Make sure annotations are installed and enabled.\"). at /Applications/MAMP/htdocs/test_symfony/test_symfony/vendor/symfony/twig-bundle/Resources/views/Exception/trace.html.twig:13, Symfony\\Component\\Config\\Exception\\LoaderLoadException(code: 0): [Semantical Error] Couldn't find constant u, method App\\Controller\\HomepageController::usager() in /Applications/MAMP/htdocs/test_symfony/test_symfony/config/routes/../../src/Controller/ (which is being imported from \"/Applications/MAMP/htdocs/test_symfony/test_symfony/config/routes/annotations.yaml\"). Make sure annotations are installed and enabled. at /Applications/MAMP/htdocs/test_symfony/test_symfony/vendor/symfony/config/Loader/FileLoader.php:166, Doctrine\\Common\\Annotations\\AnnotationException(code: 0): [Semantical Error] Couldn't find constant u, method App\\Controller\\HomepageController::usager(). at /Applications/MAMP/htdocs/test_symfony/test_symfony/vendor/doctrine/annotations/lib/Doctrine/Common/Annotations/AnnotationException.php:54, Symfony\\Component\\Config\\Exception\\LoaderLoadException(code: 0): [Semantical Error] Couldn't find constant u, method App\\Controller\\HomepageController::usager() in /Applications/MAMP/htdocs/test_symfony/test_symfony/config/routes/../../src/Controller/ (which is being imported from \"/Applications/MAMP/htdocs/test_symfony/test_symfony/config/routes/annotations.yaml\"). Make sure annotations are installed and enabled. at /Applications/MAMP/htdocs/test_symfony/test_symfony/vendor/symfony/config/Loader/FileLoader.php:166, Doctrine\\Common\\Annotations\\AnnotationException(code: 0): [Semantical Error] Couldn't find constant u, method App\\Controller\\HomepageController::usager(). at /Applications/MAMP/htdocs/test_symfony/test_symfony/vendor/doctrine/annotations/lib/Doctrine/Common/Annotations/AnnotationException.php:54)"} []
[2019-02-07 09:16:43] request.CRITICAL: Uncaught PHP Exception Twig_Error_Runtime: "An exception has been thrown during the rendering of a template ("[Semantical Error] Couldn't find constant u, method App\Controller\HomepageController::usager() in /Applications/MAMP/htdocs/test_symfony/test_symfony/config/routes/../../src/Controller/ (which is being imported from "/Applications/MAMP/htdocs/test_symfony/test_symfony/config/routes/annotations.yaml"). Make sure annotations are installed and enabled.")." at /Applications/MAMP/htdocs/test_symfony/test_symfony/vendor/symfony/twig-bundle/Resources/views/Exception/trace.html.twig line 13 {"exception":"[object] (Twig_Error_Runtime(code: 0): An exception has been thrown during the rendering of a template (\"[Semantical Error] Couldn't find constant u, method App\\Controller\\HomepageController::usager() in /Applications/MAMP/htdocs/test_symfony/test_symfony/config/routes/../../src/Controller/ (which is being imported from \"/Applications/MAMP/htdocs/test_symfony/test_symfony/config/routes/annotations.yaml\"). Make sure annotations are installed and enabled.\"). at /Applications/MAMP/htdocs/test_symfony/test_symfony/vendor/symfony/twig-bundle/Resources/views/Exception/trace.html.twig:13, Symfony\\Component\\Config\\Exception\\LoaderLoadException(code: 0): [Semantical Error] Couldn't find constant u, method App\\Controller\\HomepageController::usager() in /Applications/MAMP/htdocs/test_symfony/test_symfony/config/routes/../../src/Controller/ (which is being imported from \"/Applications/MAMP/htdocs/test_symfony/test_symfony/config/routes/annotations.yaml\"). Make sure annotations are installed and enabled. at /Applications/MAMP/htdocs/test_symfony/test_symfony/vendor/symfony/config/Loader/FileLoader.php:166, Doctrine\\Common\\Annotations\\AnnotationException(code: 0): [Semantical Error] Couldn't find constant u, method App\\Controller\\HomepageController::usager(). at /Applications/MAMP/htdocs/test_symfony/test_symfony/vendor/doctrine/annotations/lib/Doctrine/Common/Annotations/AnnotationException.php:54, Symfony\\Component\\Config\\Exception\\LoaderLoadException(code: 0): [Semantical Error] Couldn't find constant u, method App\\Controller\\HomepageController::usager() in /Applications/MAMP/htdocs/test_symfony/test_symfony/config/routes/../../src/Controller/ (which is being imported from \"/Applications/MAMP/htdocs/test_symfony/test_symfony/config/routes/annotations.yaml\"). Make sure annotations are installed and enabled. at /Applications/MAMP/htdocs/test_symfony/test_symfony/vendor/symfony/config/Loader/FileLoader.php:166, Doctrine\\Common\\Annotations\\AnnotationException(code: 0): [Semantical Error] Couldn't find constant u, method App\\Controller\\HomepageController::usager(). at /Applications/MAMP/htdocs/test_symfony/test_symfony/vendor/doctrine/annotations/lib/Doctrine/Common/Annotations/AnnotationException.php:54)"} []
[2019-02-07 09:16:43] request.CRITICAL: Exception thrown when handling an exception (Twig_Error_Runtime: An exception has been thrown during the rendering of a template ("[Semantical Error] Couldn't find constant u, method App\Controller\HomepageController::usager() in /Applications/MAMP/htdocs/test_symfony/test_symfony/config/routes/../../src/Controller/ (which is being imported from "/Applications/MAMP/htdocs/test_symfony/test_symfony/config/routes/annotations.yaml"). Make sure annotations are installed and enabled."). at /Applications/MAMP/htdocs/test_symfony/test_symfony/vendor/symfony/twig-bundle/Resources/views/Exception/trace.html.twig line 13) {"exception":"[object] (Twig_Error_Runtime(code: 0): An exception has been thrown during the rendering of a template (\"[Semantical Error] Couldn't find constant u, method App\\Controller\\HomepageController::usager() in /Applications/MAMP/htdocs/test_symfony/test_symfony/config/routes/../../src/Controller/ (which is being imported from \"/Applications/MAMP/htdocs/test_symfony/test_symfony/config/routes/annotations.yaml\"). Make sure annotations are installed and enabled.\"). at /Applications/MAMP/htdocs/test_symfony/test_symfony/vendor/symfony/twig-bundle/Resources/views/Exception/trace.html.twig:13, Symfony\\Component\\Config\\Exception\\LoaderLoadException(code: 0): [Semantical Error] Couldn't find constant u, method App\\Controller\\HomepageController::usager() in /Applications/MAMP/htdocs/test_symfony/test_symfony/config/routes/../../src/Controller/ (which is being imported from \"/Applications/MAMP/htdocs/test_symfony/test_symfony/config/routes/annotations.yaml\"). Make sure annotations are installed and enabled. at /Applications/MAMP/htdocs/test_symfony/test_symfony/vendor/symfony/config/Loader/FileLoader.php:166, Doctrine\\Common\\Annotations\\AnnotationException(code: 0): [Semantical Error] Couldn't find constant u, method App\\Controller\\HomepageController::usager(). at /Applications/MAMP/htdocs/test_symfony/test_symfony/vendor/doctrine/annotations/lib/Doctrine/Common/Annotations/AnnotationException.php:54)"} []
[2019-02-07 09:18:02] php.DEBUG: Warning: fsockopen(): unable to connect to 127.0.0.1:8000 (Connection refused) {"exception":"[object] (Symfony\\Component\\Debug\\Exception\\SilencedErrorContext: {\"severity\":2,\"file\":\"/Applications/MAMP/htdocs/test_symfony/test_symfony/vendor/symfony/web-server-bundle/WebServerConfig.php\",\"line\":139,\"trace\":[{\"file\":\"/Applications/MAMP/htdocs/test_symfony/test_symfony/vendor/symfony/web-server-bundle/WebServerConfig.php\",\"line\":54,\"function\":\"findBestPort\",\"class\":\"Symfony\\\\Bundle\\\\WebServerBundle\\\\WebServerConfig\",\"type\":\"->\"}],\"count\":1})"} []
[2019-02-07 09:18:04] request.INFO: Matched route "usager". {"route":"usager","route_parameters":{"_route":"usager","_controller":"App\\Controller\\HomepageController::usager","nom":"Bob"},"request_uri":"http://localhost:8000/usager/Bob","method":"GET"} []
[2019-02-07 09:18:04] security.INFO: Populated the TokenStorage with an anonymous Token. [] []
[2019-02-07 09:18:04] request.CRITICAL: Uncaught PHP Exception Doctrine\Common\Persistence\Mapping\MappingException: "Class 'App\Controller\Usager' does not exist" at /Applications/MAMP/htdocs/test_symfony/test_symfony/vendor/doctrine/persistence/lib/Doctrine/Common/Persistence/Mapping/MappingException.php line 93 {"exception":"[object] (Doctrine\\Common\\Persistence\\Mapping\\MappingException(code: 0): Class 'App\\Controller\\Usager' does not exist at /Applications/MAMP/htdocs/test_symfony/test_symfony/vendor/doctrine/persistence/lib/Doctrine/Common/Persistence/Mapping/MappingException.php:93)"} []
[2019-02-07 09:18:05] request.INFO: Matched route "_wdt". {"route":"_wdt","route_parameters":{"_route":"_wdt","_controller":"web_profiler.controller.profiler::toolbarAction","token":"ea1d8b"},"request_uri":"http://localhost:8000/_wdt/ea1d8b","method":"GET"} []
[2019-02-07 09:18:33] php.DEBUG: Warning: fsockopen(): unable to connect to 127.0.0.1:8000 (Connection refused) {"exception":"[object] (Symfony\\Component\\Debug\\Exception\\SilencedErrorContext: {\"severity\":2,\"file\":\"/Applications/MAMP/htdocs/test_symfony/test_symfony/vendor/symfony/web-server-bundle/WebServerConfig.php\",\"line\":139,\"trace\":[{\"file\":\"/Applications/MAMP/htdocs/test_symfony/test_symfony/vendor/symfony/web-server-bundle/WebServerConfig.php\",\"line\":54,\"function\":\"findBestPort\",\"class\":\"Symfony\\\\Bundle\\\\WebServerBundle\\\\WebServerConfig\",\"type\":\"->\"}],\"count\":1})"} []
[2019-02-07 09:18:35] request.INFO: Matched route "usager". {"route":"usager","route_parameters":{"_route":"usager","_controller":"App\\Controller\\HomepageController::usager","nom":"Bob"},"request_uri":"http://localhost:8000/usager/Bob","method":"GET"} []
[2019-02-07 09:18:35] security.INFO: Populated the TokenStorage with an anonymous Token. [] []
[2019-02-07 09:18:35] doctrine.DEBUG: SELECT t0.id AS id_1, t0.nom AS nom_2, t0.prenom AS prenom_3, t0.adresse AS adresse_4 FROM usager t0 WHERE t0.nom = ? LIMIT 1 ["Bob"] []
[2019-02-07 09:18:35] request.ERROR: Uncaught PHP Exception Symfony\Component\HttpKernel\Exception\NotFoundHttpException: "Usager inconnu..." at /Applications/MAMP/htdocs/test_symfony/test_symfony/vendor/symfony/framework-bundle/Controller/ControllerTrait.php line 286 {"exception":"[object] (Symfony\\Component\\HttpKernel\\Exception\\NotFoundHttpException(code: 0): Usager inconnu... at /Applications/MAMP/htdocs/test_symfony/test_symfony/vendor/symfony/framework-bundle/Controller/ControllerTrait.php:286)"} []
[2019-02-07 09:18:35] request.INFO: Matched route "_wdt". {"route":"_wdt","route_parameters":{"_route":"_wdt","_controller":"web_profiler.controller.profiler::toolbarAction","token":"187d8d"},"request_uri":"http://localhost:8000/_wdt/187d8d","method":"GET"} []
[2019-02-07 09:18:42] request.INFO: Matched route "usager". {"route":"usager","route_parameters":{"_route":"usager","_controller":"App\\Controller\\HomepageController::usager","nom":"bob"},"request_uri":"http://localhost:8000/usager/bob","method":"GET"} []
[2019-02-07 09:18:43] security.INFO: Populated the TokenStorage with an anonymous Token. [] []
[2019-02-07 09:18:43] doctrine.DEBUG: SELECT t0.id AS id_1, t0.nom AS nom_2, t0.prenom AS prenom_3, t0.adresse AS adresse_4 FROM usager t0 WHERE t0.nom = ? LIMIT 1 ["bob"] []
[2019-02-07 09:18:43] request.ERROR: Uncaught PHP Exception Symfony\Component\HttpKernel\Exception\NotFoundHttpException: "Usager inconnu..." at /Applications/MAMP/htdocs/test_symfony/test_symfony/vendor/symfony/framework-bundle/Controller/ControllerTrait.php line 286 {"exception":"[object] (Symfony\\Component\\HttpKernel\\Exception\\NotFoundHttpException(code: 0): Usager inconnu... at /Applications/MAMP/htdocs/test_symfony/test_symfony/vendor/symfony/framework-bundle/Controller/ControllerTrait.php:286)"} []
[2019-02-07 09:18:43] request.INFO: Matched route "_wdt". {"route":"_wdt","route_parameters":{"_route":"_wdt","_controller":"web_profiler.controller.profiler::toolbarAction","token":"22f2c0"},"request_uri":"http://localhost:8000/_wdt/22f2c0","method":"GET"} []
[2019-02-07 09:18:59] doctrine.DEBUG: SELECT * FROM usager [] []
[2019-02-07 09:19:17] php.DEBUG: Warning: fsockopen(): unable to connect to 127.0.0.1:8000 (Connection refused) {"exception":"[object] (Symfony\\Component\\Debug\\Exception\\SilencedErrorContext: {\"severity\":2,\"file\":\"/Applications/MAMP/htdocs/test_symfony/test_symfony/vendor/symfony/web-server-bundle/WebServerConfig.php\",\"line\":139,\"trace\":[{\"file\":\"/Applications/MAMP/htdocs/test_symfony/test_symfony/vendor/symfony/web-server-bundle/WebServerConfig.php\",\"line\":54,\"function\":\"findBestPort\",\"class\":\"Symfony\\\\Bundle\\\\WebServerBundle\\\\WebServerConfig\",\"type\":\"->\"}],\"count\":1})"} []
[2019-02-07 09:19:19] request.INFO: Matched route "usager". {"route":"usager","route_parameters":{"_route":"usager","_controller":"App\\Controller\\HomepageController::usager","nom":"Dylan"},"request_uri":"http://localhost:8000/usager/Dylan","method":"GET"} []
[2019-02-07 09:19:19] security.INFO: Populated the TokenStorage with an anonymous Token. [] []
[2019-02-07 09:19:19] doctrine.DEBUG: SELECT t0.id AS id_1, t0.nom AS nom_2, t0.prenom AS prenom_3, t0.adresse AS adresse_4 FROM usager t0 WHERE t0.nom = ? LIMIT 1 ["Dylan"] []
[2019-02-07 09:19:20] request.ERROR: Uncaught PHP Exception Symfony\Component\HttpKernel\Exception\NotFoundHttpException: "No route found for "GET /favicon.ico" (from "http://localhost:8000/usager/Dylan")" at /Applications/MAMP/htdocs/test_symfony/test_symfony/vendor/symfony/http-kernel/EventListener/RouterListener.php line 139 {"exception":"[object] (Symfony\\Component\\HttpKernel\\Exception\\NotFoundHttpException(code: 0): No route found for \"GET /favicon.ico\" (from \"http://localhost:8000/usager/Dylan\") at /Applications/MAMP/htdocs/test_symfony/test_symfony/vendor/symfony/http-kernel/EventListener/RouterListener.php:139, Symfony\\Component\\Routing\\Exception\\ResourceNotFoundException(code: 0):  at /Applications/MAMP/htdocs/test_symfony/test_symfony/vendor/symfony/routing/Matcher/Dumper/PhpMatcherTrait.php:67)"} []
[2019-02-07 09:20:25] php.DEBUG: Warning: fsockopen(): unable to connect to 127.0.0.1:8000 (Connection refused) {"exception":"[object] (Symfony\\Component\\Debug\\Exception\\SilencedErrorContext: {\"severity\":2,\"file\":\"/Applications/MAMP/htdocs/test_symfony/test_symfony/vendor/symfony/web-server-bundle/WebServerConfig.php\",\"line\":139,\"trace\":[{\"file\":\"/Applications/MAMP/htdocs/test_symfony/test_symfony/vendor/symfony/web-server-bundle/WebServerConfig.php\",\"line\":54,\"function\":\"findBestPort\",\"class\":\"Symfony\\\\Bundle\\\\WebServerBundle\\\\WebServerConfig\",\"type\":\"->\"}],\"count\":1})"} []
[2019-02-07 09:20:27] request.INFO: Matched route "usager". {"route":"usager","route_parameters":{"_route":"usager","_controller":"App\\Controller\\HomepageController::usager","nom":"Dylan"},"request_uri":"http://localhost:8000/usager/Dylan","method":"GET"} []
[2019-02-07 09:20:27] security.INFO: Populated the TokenStorage with an anonymous Token. [] []
[2019-02-07 09:20:28] doctrine.DEBUG: SELECT t0.id AS id_1, t0.nom AS nom_2, t0.prenom AS prenom_3, t0.adresse AS adresse_4 FROM usager t0 WHERE t0.nom = ? LIMIT 1 ["Dylan"] []
[2019-02-07 09:21:07] request.INFO: Matched route "usager". {"route":"usager","route_parameters":{"_route":"usager","_controller":"App\\Controller\\HomepageController::usager","nom":"Dylan"},"request_uri":"http://127.0.0.1:8000/usager/Dylan","method":"GET"} []
[2019-02-07 09:21:07] security.INFO: Populated the TokenStorage with an anonymous Token. [] []
[2019-02-07 09:21:07] doctrine.DEBUG: SELECT t0.id AS id_1, t0.nom AS nom_2, t0.prenom AS prenom_3, t0.adresse AS adresse_4 FROM usager t0 WHERE t0.nom = ? LIMIT 1 ["Dylan"] []
[2019-02-07 09:23:30] php.DEBUG: Warning: fsockopen(): unable to connect to 127.0.0.1:8000 (Connection refused) {"exception":"[object] (Symfony\\Component\\Debug\\Exception\\SilencedErrorContext: {\"severity\":2,\"file\":\"/Applications/MAMP/htdocs/test_symfony/test_symfony/vendor/symfony/web-server-bundle/WebServerConfig.php\",\"line\":139,\"trace\":[{\"file\":\"/Applications/MAMP/htdocs/test_symfony/test_symfony/vendor/symfony/web-server-bundle/WebServerConfig.php\",\"line\":54,\"function\":\"findBestPort\",\"class\":\"Symfony\\\\Bundle\\\\WebServerBundle\\\\WebServerConfig\",\"type\":\"->\"}],\"count\":1})"} []
[2019-02-07 09:23:33] request.INFO: Matched route "usager". {"route":"usager","route_parameters":{"_route":"usager","_controller":"App\\Controller\\HomepageController::usager","nom":"Dylan"},"request_uri":"http://127.0.0.1:8000/usager/Dylan","method":"GET"} []
[2019-02-07 09:23:33] security.INFO: Populated the TokenStorage with an anonymous Token. [] []
[2019-02-07 09:23:33] doctrine.DEBUG: SELECT t0.id AS id_1, t0.nom AS nom_2, t0.prenom AS prenom_3, t0.adresse AS adresse_4 FROM usager t0 WHERE t0.nom = ? LIMIT 1 ["Dylan"] []
[2019-02-07 09:23:33] request.INFO: Matched route "_wdt". {"route":"_wdt","route_parameters":{"_route":"_wdt","_controller":"web_profiler.controller.profiler::toolbarAction","token":"50a9ec"},"request_uri":"http://127.0.0.1:8000/_wdt/50a9ec","method":"GET"} []
[2019-02-07 09:23:53] request.INFO: Matched route "usager". {"route":"usager","route_parameters":{"_route":"usager","_controller":"App\\Controller\\HomepageController::usager","nom":"dlamerde"},"request_uri":"http://127.0.0.1:8000/usager/dlamerde","method":"GET"} []
[2019-02-07 09:23:53] security.INFO: Populated the TokenStorage with an anonymous Token. [] []
[2019-02-07 09:23:53] doctrine.DEBUG: SELECT t0.id AS id_1, t0.nom AS nom_2, t0.prenom AS prenom_3, t0.adresse AS adresse_4 FROM usager t0 WHERE t0.nom = ? LIMIT 1 ["dlamerde"] []
[2019-02-07 09:23:53] request.ERROR: Uncaught PHP Exception Symfony\Component\HttpKernel\Exception\NotFoundHttpException: "Usager inconnu..." at /Applications/MAMP/htdocs/test_symfony/test_symfony/vendor/symfony/framework-bundle/Controller/ControllerTrait.php line 286 {"exception":"[object] (Symfony\\Component\\HttpKernel\\Exception\\NotFoundHttpException(code: 0): Usager inconnu... at /Applications/MAMP/htdocs/test_symfony/test_symfony/vendor/symfony/framework-bundle/Controller/ControllerTrait.php:286)"} []
[2019-02-07 09:23:54] request.INFO: Matched route "_wdt". {"route":"_wdt","route_parameters":{"_route":"_wdt","_controller":"web_profiler.controller.profiler::toolbarAction","token":"0ba4ae"},"request_uri":"http://127.0.0.1:8000/_wdt/0ba4ae","method":"GET"} []
[2019-02-07 09:24:24] console.ERROR: Error thrown while running command "'make:functionnal-test'". Message: "Command "make:functionnal-test" is not defined.  Did you mean one of these?     make:auth     make:command     make:controller     make:crud     make:entity     make:fixtures     make:form     make:functional-test     make:migration     make:registration-form     make:serializer:encoder     make:serializer:normalizer     make:subscriber     make:twig-extension     make:unit-test     make:user     make:validator     make:voter" {"exception":"[object] (Symfony\\Component\\Console\\Exception\\CommandNotFoundException(code: 0): Command \"make:functionnal-test\" is not defined.\n\nDid you mean one of these?\n    make:auth\n    make:command\n    make:controller\n    make:crud\n    make:entity\n    make:fixtures\n    make:form\n    make:functional-test\n    make:migration\n    make:registration-form\n    make:serializer:encoder\n    make:serializer:normalizer\n    make:subscriber\n    make:twig-extension\n    make:unit-test\n    make:user\n    make:validator\n    make:voter at /Applications/MAMP/htdocs/test_symfony/test_symfony/vendor/symfony/console/Application.php:632)","command":"'make:functionnal-test'","message":"Command \"make:functionnal-test\" is not defined.\n\nDid you mean one of these?\n    make:auth\n    make:command\n    make:controller\n    make:crud\n    make:entity\n    make:fixtures\n    make:form\n    make:functional-test\n    make:migration\n    make:registration-form\n    make:serializer:encoder\n    make:serializer:normalizer\n    make:subscriber\n    make:twig-extension\n    make:unit-test\n    make:user\n    make:validator\n    make:voter"} []
[2019-02-07 09:30:44] doctrine.DEBUG: SELECT name FROM sqlite_master WHERE type = 'table' AND name != 'sqlite_sequence' AND name != 'geometry_columns' AND name != 'spatial_ref_sys' UNION ALL SELECT name FROM sqlite_temp_master WHERE type = 'table' ORDER BY name [] []
[2019-02-07 09:30:44] doctrine.DEBUG: PRAGMA table_info('usager') [] []
[2019-02-07 09:30:44] doctrine.DEBUG: SELECT sql   FROM (       SELECT *         FROM sqlite_master    UNION ALL       SELECT *         FROM sqlite_temp_master   ) WHERE type = 'table' AND name = ? ["usager"] []
[2019-02-07 09:30:44] doctrine.DEBUG: PRAGMA index_list('usager') [] []
[2019-02-07 09:30:44] doctrine.DEBUG: PRAGMA TABLE_INFO ('usager') [] []
[2019-02-07 09:30:44] doctrine.DEBUG: "START TRANSACTION" [] []
[2019-02-07 09:30:45] doctrine.DEBUG: DELETE FROM usager [] []
[2019-02-07 09:30:45] doctrine.DEBUG: INSERT INTO usager (nom, prenom, adresse) VALUES (?, ?, ?) {"1":"Dylan","2":"Bob","3":"Quelque part en Angleterre"} []
[2019-02-07 09:30:45] doctrine.DEBUG: "COMMIT" [] []
[2019-02-07 09:52:15] php.DEBUG: Warning: fsockopen(): unable to connect to 127.0.0.1:8000 (Connection refused) {"exception":"[object] (Symfony\\Component\\Debug\\Exception\\SilencedErrorContext: {\"severity\":2,\"file\":\"/Applications/MAMP/htdocs/test_symfony/test_symfony/vendor/symfony/web-server-bundle/WebServerConfig.php\",\"line\":139,\"trace\":[{\"file\":\"/Applications/MAMP/htdocs/test_symfony/test_symfony/vendor/symfony/web-server-bundle/WebServerConfig.php\",\"line\":54,\"function\":\"findBestPort\",\"class\":\"Symfony\\\\Bundle\\\\WebServerBundle\\\\WebServerConfig\",\"type\":\"->\"}],\"count\":1})"} []
